2019-08-27 23:10:45.273618: I tensorflow/core/platform/cpu_feature_guard.cc:141] Your CPU supports instructions that this TensorFlow binary was not compiled to use: AVX512F
2019-08-27 23:10:45.365288: I tensorflow/core/common_runtime/gpu/gpu_device.cc:1432] Found device 0 with properties: 
name: Quadro P6000 major: 6 minor: 1 memoryClockRate(GHz): 1.645
pciBusID: 0000:65:00.0
totalMemory: 23.86GiB freeMemory: 23.01GiB
2019-08-27 23:10:45.365310: I tensorflow/core/common_runtime/gpu/gpu_device.cc:1511] Adding visible gpu devices: 0
2019-08-27 23:10:45.608128: I tensorflow/core/common_runtime/gpu/gpu_device.cc:982] Device interconnect StreamExecutor with strength 1 edge matrix:
2019-08-27 23:10:45.608157: I tensorflow/core/common_runtime/gpu/gpu_device.cc:988]      0 
2019-08-27 23:10:45.608162: I tensorflow/core/common_runtime/gpu/gpu_device.cc:1001] 0:   N 
2019-08-27 23:10:45.608697: I tensorflow/core/common_runtime/gpu/gpu_device.cc:1115] Created TensorFlow device (/job:localhost/replica:0/task:0/device:GPU:0 with 22318 MB memory) -> physical GPU (device: 0, name: Quadro P6000, pci bus id: 0000:65:00.0, compute capability: 6.1)
[INFO] compiling model...
[INFO] training model...
Epoch 1/100
 - 76s - loss: 2.0988 - acc: 0.4333 - val_loss: 1.9518 - val_acc: 0.5089

Epoch 00001: val_loss improved from inf to 1.95177, saving model to keras_model/cifar10/miniResNet/best_chkpt.hdf5
Epoch 2/100
 - 65s - loss: 1.5074 - acc: 0.6300 - val_loss: 1.4598 - val_acc: 0.6352

Epoch 00002: val_loss improved from 1.95177 to 1.45980, saving model to keras_model/cifar10/miniResNet/best_chkpt.hdf5
Epoch 3/100
 - 65s - loss: 1.2485 - acc: 0.7090 - val_loss: 1.5869 - val_acc: 0.6274

Epoch 00003: val_loss did not improve from 1.45980
Epoch 4/100
 - 65s - loss: 1.1041 - acc: 0.7539 - val_loss: 1.3943 - val_acc: 0.6808

Epoch 00004: val_loss improved from 1.45980 to 1.39433, saving model to keras_model/cifar10/miniResNet/best_chkpt.hdf5
Epoch 5/100
 - 65s - loss: 0.9997 - acc: 0.7811 - val_loss: 1.1037 - val_acc: 0.7525

Epoch 00005: val_loss improved from 1.39433 to 1.10367, saving model to keras_model/cifar10/miniResNet/best_chkpt.hdf5
Epoch 6/100
 - 65s - loss: 0.9408 - acc: 0.7961 - val_loss: 1.0802 - val_acc: 0.7683

Epoch 00006: val_loss improved from 1.10367 to 1.08016, saving model to keras_model/cifar10/miniResNet/best_chkpt.hdf5
Epoch 7/100
 - 65s - loss: 0.8925 - acc: 0.8065 - val_loss: 1.0875 - val_acc: 0.7476

Epoch 00007: val_loss did not improve from 1.08016
Epoch 8/100
 - 65s - loss: 0.8399 - acc: 0.8223 - val_loss: 1.0457 - val_acc: 0.7628

Epoch 00008: val_loss improved from 1.08016 to 1.04573, saving model to keras_model/cifar10/miniResNet/best_chkpt.hdf5
Epoch 9/100
 - 65s - loss: 0.8089 - acc: 0.8282 - val_loss: 0.9340 - val_acc: 0.7960

Epoch 00009: val_loss improved from 1.04573 to 0.93402, saving model to keras_model/cifar10/miniResNet/best_chkpt.hdf5
Epoch 10/100
 - 65s - loss: 0.7834 - acc: 0.8345 - val_loss: 1.0842 - val_acc: 0.7578

Epoch 00010: val_loss did not improve from 0.93402
Epoch 11/100
 - 65s - loss: 0.7622 - acc: 0.8405 - val_loss: 0.7515 - val_acc: 0.8475

Epoch 00011: val_loss improved from 0.93402 to 0.75153, saving model to keras_model/cifar10/miniResNet/best_chkpt.hdf5
Epoch 12/100
 - 65s - loss: 0.7364 - acc: 0.8475 - val_loss: 0.7661 - val_acc: 0.8435

Epoch 00012: val_loss did not improve from 0.75153
Epoch 13/100
 - 65s - loss: 0.7202 - acc: 0.8509 - val_loss: 0.9712 - val_acc: 0.7811

Epoch 00013: val_loss did not improve from 0.75153
Epoch 14/100
 - 65s - loss: 0.7049 - acc: 0.8555 - val_loss: 0.8149 - val_acc: 0.8279

Epoch 00014: val_loss did not improve from 0.75153
Epoch 15/100
 - 65s - loss: 0.6859 - acc: 0.8619 - val_loss: 0.8021 - val_acc: 0.8349

Epoch 00015: val_loss did not improve from 0.75153
Epoch 16/100
 - 65s - loss: 0.6829 - acc: 0.8612 - val_loss: 0.7920 - val_acc: 0.8383

Epoch 00016: val_loss did not improve from 0.75153
Epoch 17/100
 - 65s - loss: 0.6632 - acc: 0.8657 - val_loss: 0.8772 - val_acc: 0.8088

Epoch 00017: val_loss did not improve from 0.75153
Epoch 18/100
 - 65s - loss: 0.6525 - acc: 0.8707 - val_loss: 0.7419 - val_acc: 0.8457

Epoch 00018: val_loss improved from 0.75153 to 0.74191, saving model to keras_model/cifar10/miniResNet/best_chkpt.hdf5
Epoch 19/100
 - 65s - loss: 0.6430 - acc: 0.8735 - val_loss: 0.7646 - val_acc: 0.8424

Epoch 00019: val_loss did not improve from 0.74191
Epoch 20/100
 - 65s - loss: 0.6377 - acc: 0.8746 - val_loss: 0.8177 - val_acc: 0.8261

Epoch 00020: val_loss did not improve from 0.74191
Epoch 21/100
 - 65s - loss: 0.6304 - acc: 0.8772 - val_loss: 0.7867 - val_acc: 0.8266

Epoch 00021: val_loss did not improve from 0.74191
Epoch 22/100
 - 65s - loss: 0.6125 - acc: 0.8827 - val_loss: 0.6840 - val_acc: 0.8634

Epoch 00022: val_loss improved from 0.74191 to 0.68399, saving model to keras_model/cifar10/miniResNet/best_chkpt.hdf5
Epoch 23/100
 - 65s - loss: 0.6089 - acc: 0.8829 - val_loss: 0.6667 - val_acc: 0.8728

Epoch 00023: val_loss improved from 0.68399 to 0.66670, saving model to keras_model/cifar10/miniResNet/best_chkpt.hdf5
Epoch 24/100
 - 65s - loss: 0.6026 - acc: 0.8856 - val_loss: 0.7324 - val_acc: 0.8455

Epoch 00024: val_loss did not improve from 0.66670
Epoch 25/100
 - 66s - loss: 0.5983 - acc: 0.8863 - val_loss: 0.6727 - val_acc: 0.8669

Epoch 00025: val_loss did not improve from 0.66670
Epoch 26/100
 - 65s - loss: 0.5965 - acc: 0.8877 - val_loss: 0.7801 - val_acc: 0.8478

Epoch 00026: val_loss did not improve from 0.66670
Epoch 27/100
 - 65s - loss: 0.5887 - acc: 0.8888 - val_loss: 0.6595 - val_acc: 0.8712

Epoch 00027: val_loss improved from 0.66670 to 0.65947, saving model to keras_model/cifar10/miniResNet/best_chkpt.hdf5
Epoch 28/100
 - 65s - loss: 0.5843 - acc: 0.8917 - val_loss: 0.7438 - val_acc: 0.8515

Epoch 00028: val_loss did not improve from 0.65947
Epoch 29/100
 - 65s - loss: 0.5772 - acc: 0.8930 - val_loss: 0.8993 - val_acc: 0.8159

Epoch 00029: val_loss did not improve from 0.65947
Epoch 30/100
 - 65s - loss: 0.5694 - acc: 0.8958 - val_loss: 0.7058 - val_acc: 0.8541

Epoch 00030: val_loss did not improve from 0.65947
Epoch 31/100
 - 65s - loss: 0.5631 - acc: 0.8984 - val_loss: 0.8652 - val_acc: 0.8250

Epoch 00031: val_loss did not improve from 0.65947
Epoch 32/100
 - 65s - loss: 0.5625 - acc: 0.8977 - val_loss: 0.6637 - val_acc: 0.8692

Epoch 00032: val_loss did not improve from 0.65947
Epoch 33/100
 - 65s - loss: 0.5594 - acc: 0.8995 - val_loss: 0.8477 - val_acc: 0.8256

Epoch 00033: val_loss did not improve from 0.65947
Epoch 34/100
 - 65s - loss: 0.5466 - acc: 0.9028 - val_loss: 0.6820 - val_acc: 0.8662

Epoch 00034: val_loss did not improve from 0.65947
Epoch 35/100
 - 65s - loss: 0.5483 - acc: 0.9012 - val_loss: 0.7343 - val_acc: 0.8511

Epoch 00035: val_loss did not improve from 0.65947
Epoch 36/100
 - 65s - loss: 0.5369 - acc: 0.9069 - val_loss: 0.6320 - val_acc: 0.8784

Epoch 00036: val_loss improved from 0.65947 to 0.63202, saving model to keras_model/cifar10/miniResNet/best_chkpt.hdf5
Epoch 37/100
 - 65s - loss: 0.5265 - acc: 0.9088 - val_loss: 0.7524 - val_acc: 0.8497

Epoch 00037: val_loss did not improve from 0.63202
Epoch 38/100
 - 65s - loss: 0.5283 - acc: 0.9071 - val_loss: 0.6974 - val_acc: 0.8589

Epoch 00038: val_loss did not improve from 0.63202
Epoch 39/100
 - 65s - loss: 0.5210 - acc: 0.9090 - val_loss: 0.6548 - val_acc: 0.8715

Epoch 00039: val_loss did not improve from 0.63202
Epoch 40/100
 - 65s - loss: 0.5157 - acc: 0.9126 - val_loss: 0.7203 - val_acc: 0.8612

Epoch 00040: val_loss did not improve from 0.63202
Epoch 41/100
 - 65s - loss: 0.5104 - acc: 0.9141 - val_loss: 0.6617 - val_acc: 0.8682

Epoch 00041: val_loss did not improve from 0.63202
Epoch 42/100
 - 65s - loss: 0.5027 - acc: 0.9158 - val_loss: 0.6563 - val_acc: 0.8705

Epoch 00042: val_loss did not improve from 0.63202
Epoch 43/100
 - 65s - loss: 0.5047 - acc: 0.9143 - val_loss: 0.6843 - val_acc: 0.8624

Epoch 00043: val_loss did not improve from 0.63202
Epoch 44/100
 - 65s - loss: 0.4931 - acc: 0.9177 - val_loss: 0.6253 - val_acc: 0.8810

Epoch 00044: val_loss improved from 0.63202 to 0.62532, saving model to keras_model/cifar10/miniResNet/best_chkpt.hdf5
Epoch 45/100
 - 65s - loss: 0.4922 - acc: 0.9169 - val_loss: 0.7124 - val_acc: 0.8510

Epoch 00045: val_loss did not improve from 0.62532
Epoch 46/100
 - 65s - loss: 0.4879 - acc: 0.9191 - val_loss: 0.6438 - val_acc: 0.8717

Epoch 00046: val_loss did not improve from 0.62532
Epoch 47/100
 - 65s - loss: 0.4803 - acc: 0.9208 - val_loss: 0.6236 - val_acc: 0.8799

Epoch 00047: val_loss improved from 0.62532 to 0.62355, saving model to keras_model/cifar10/miniResNet/best_chkpt.hdf5
Epoch 48/100
 - 65s - loss: 0.4760 - acc: 0.9229 - val_loss: 0.6089 - val_acc: 0.8873

Epoch 00048: val_loss improved from 0.62355 to 0.60890, saving model to keras_model/cifar10/miniResNet/best_chkpt.hdf5
Epoch 49/100
 - 65s - loss: 0.4706 - acc: 0.9241 - val_loss: 0.7815 - val_acc: 0.8527

Epoch 00049: val_loss did not improve from 0.60890
Epoch 50/100
 - 65s - loss: 0.4714 - acc: 0.9227 - val_loss: 0.7607 - val_acc: 0.8559

Epoch 00050: val_loss did not improve from 0.60890
Epoch 51/100
 - 65s - loss: 0.4571 - acc: 0.9271 - val_loss: 0.5830 - val_acc: 0.8947

Epoch 00051: val_loss improved from 0.60890 to 0.58302, saving model to keras_model/cifar10/miniResNet/best_chkpt.hdf5
Epoch 52/100
 - 65s - loss: 0.4556 - acc: 0.9255 - val_loss: 0.6541 - val_acc: 0.8735

Epoch 00052: val_loss did not improve from 0.58302
Epoch 53/100
 - 65s - loss: 0.4516 - acc: 0.9277 - val_loss: 0.5827 - val_acc: 0.8924

Epoch 00053: val_loss improved from 0.58302 to 0.58272, saving model to keras_model/cifar10/miniResNet/best_chkpt.hdf5
Epoch 54/100
 - 65s - loss: 0.4493 - acc: 0.9285 - val_loss: 0.6004 - val_acc: 0.8836

Epoch 00054: val_loss did not improve from 0.58272
Epoch 55/100
 - 65s - loss: 0.4383 - acc: 0.9316 - val_loss: 0.6039 - val_acc: 0.8857

Epoch 00055: val_loss did not improve from 0.58272
Epoch 56/100
 - 65s - loss: 0.4311 - acc: 0.9338 - val_loss: 0.5761 - val_acc: 0.8959

Epoch 00056: val_loss improved from 0.58272 to 0.57611, saving model to keras_model/cifar10/miniResNet/best_chkpt.hdf5
Epoch 57/100
 - 65s - loss: 0.4368 - acc: 0.9318 - val_loss: 0.6738 - val_acc: 0.8701

Epoch 00057: val_loss did not improve from 0.57611
Epoch 58/100
 - 65s - loss: 0.4245 - acc: 0.9349 - val_loss: 0.5695 - val_acc: 0.8914

Epoch 00058: val_loss improved from 0.57611 to 0.56946, saving model to keras_model/cifar10/miniResNet/best_chkpt.hdf5
Epoch 59/100
 - 65s - loss: 0.4141 - acc: 0.9379 - val_loss: 0.5436 - val_acc: 0.9091

Epoch 00059: val_loss improved from 0.56946 to 0.54356, saving model to keras_model/cifar10/miniResNet/best_chkpt.hdf5
Epoch 60/100
 - 65s - loss: 0.4196 - acc: 0.9356 - val_loss: 0.5429 - val_acc: 0.9044

Epoch 00060: val_loss improved from 0.54356 to 0.54291, saving model to keras_model/cifar10/miniResNet/best_chkpt.hdf5
Epoch 61/100
 - 65s - loss: 0.4090 - acc: 0.9395 - val_loss: 0.6800 - val_acc: 0.8670

Epoch 00061: val_loss did not improve from 0.54291
Epoch 62/100
 - 65s - loss: 0.4041 - acc: 0.9393 - val_loss: 0.5765 - val_acc: 0.8935

Epoch 00062: val_loss did not improve from 0.54291
Epoch 63/100
 - 65s - loss: 0.3983 - acc: 0.9409 - val_loss: 0.5506 - val_acc: 0.8963

Epoch 00063: val_loss did not improve from 0.54291
Epoch 64/100
 - 65s - loss: 0.3920 - acc: 0.9428 - val_loss: 0.5800 - val_acc: 0.8917

Epoch 00064: val_loss did not improve from 0.54291
Epoch 65/100
 - 65s - loss: 0.3853 - acc: 0.9448 - val_loss: 0.5525 - val_acc: 0.9008

Epoch 00065: val_loss did not improve from 0.54291
Epoch 66/100
 - 65s - loss: 0.3793 - acc: 0.9460 - val_loss: 0.6353 - val_acc: 0.8775

Epoch 00066: val_loss did not improve from 0.54291
Epoch 67/100
 - 65s - loss: 0.3752 - acc: 0.9456 - val_loss: 0.5387 - val_acc: 0.9076

Epoch 00067: val_loss improved from 0.54291 to 0.53874, saving model to keras_model/cifar10/miniResNet/best_chkpt.hdf5
Epoch 68/100
 - 65s - loss: 0.3747 - acc: 0.9457 - val_loss: 0.5549 - val_acc: 0.8997

Epoch 00068: val_loss did not improve from 0.53874
Epoch 69/100
 - 65s - loss: 0.3614 - acc: 0.9497 - val_loss: 0.5252 - val_acc: 0.9064

Epoch 00069: val_loss improved from 0.53874 to 0.52520, saving model to keras_model/cifar10/miniResNet/best_chkpt.hdf5
Epoch 70/100
 - 65s - loss: 0.3617 - acc: 0.9490 - val_loss: 0.6480 - val_acc: 0.8725

Epoch 00070: val_loss did not improve from 0.52520
Epoch 71/100
 - 65s - loss: 0.3490 - acc: 0.9526 - val_loss: 0.5184 - val_acc: 0.9111

Epoch 00071: val_loss improved from 0.52520 to 0.51836, saving model to keras_model/cifar10/miniResNet/best_chkpt.hdf5
Epoch 72/100
 - 65s - loss: 0.3469 - acc: 0.9535 - val_loss: 0.5063 - val_acc: 0.9096

Epoch 00072: val_loss improved from 0.51836 to 0.50630, saving model to keras_model/cifar10/miniResNet/best_chkpt.hdf5
Epoch 73/100
 - 65s - loss: 0.3381 - acc: 0.9556 - val_loss: 0.5602 - val_acc: 0.8986

Epoch 00073: val_loss did not improve from 0.50630
Epoch 74/100
 - 65s - loss: 0.3345 - acc: 0.9554 - val_loss: 0.5388 - val_acc: 0.8989

Epoch 00074: val_loss did not improve from 0.50630
Epoch 75/100
 - 65s - loss: 0.3250 - acc: 0.9580 - val_loss: 0.5659 - val_acc: 0.8936

Epoch 00075: val_loss did not improve from 0.50630
Epoch 76/100
 - 65s - loss: 0.3213 - acc: 0.9587 - val_loss: 0.5251 - val_acc: 0.9055

Epoch 00076: val_loss did not improve from 0.50630
Epoch 77/100
 - 65s - loss: 0.3092 - acc: 0.9627 - val_loss: 0.5342 - val_acc: 0.8998

Epoch 00077: val_loss did not improve from 0.50630
Epoch 78/100
 - 65s - loss: 0.3046 - acc: 0.9632 - val_loss: 0.4816 - val_acc: 0.9170

Epoch 00078: val_loss improved from 0.50630 to 0.48164, saving model to keras_model/cifar10/miniResNet/best_chkpt.hdf5
Epoch 79/100
 - 65s - loss: 0.3009 - acc: 0.9642 - val_loss: 0.4932 - val_acc: 0.9073

Epoch 00079: val_loss did not improve from 0.48164
Epoch 80/100
 - 65s - loss: 0.2884 - acc: 0.9665 - val_loss: 0.5267 - val_acc: 0.9060

Epoch 00080: val_loss did not improve from 0.48164
Epoch 81/100
 - 65s - loss: 0.2865 - acc: 0.9668 - val_loss: 0.4796 - val_acc: 0.9158

Epoch 00081: val_loss improved from 0.48164 to 0.47958, saving model to keras_model/cifar10/miniResNet/best_chkpt.hdf5
Epoch 82/100
 - 65s - loss: 0.2782 - acc: 0.9690 - val_loss: 0.5071 - val_acc: 0.9081

Epoch 00082: val_loss did not improve from 0.47958
Epoch 83/100
 - 65s - loss: 0.2653 - acc: 0.9725 - val_loss: 0.4859 - val_acc: 0.9191

Epoch 00083: val_loss did not improve from 0.47958
Epoch 84/100
 - 65s - loss: 0.2655 - acc: 0.9717 - val_loss: 0.4524 - val_acc: 0.9222

Epoch 00084: val_loss improved from 0.47958 to 0.45245, saving model to keras_model/cifar10/miniResNet/best_chkpt.hdf5
Epoch 85/100
 - 65s - loss: 0.2546 - acc: 0.9743 - val_loss: 0.4783 - val_acc: 0.9174

Epoch 00085: val_loss did not improve from 0.45245
Epoch 86/100
 - 65s - loss: 0.2496 - acc: 0.9759 - val_loss: 0.4413 - val_acc: 0.9226

Epoch 00086: val_loss improved from 0.45245 to 0.44131, saving model to keras_model/cifar10/miniResNet/best_chkpt.hdf5
Epoch 87/100
 - 65s - loss: 0.2400 - acc: 0.9785 - val_loss: 0.4795 - val_acc: 0.9182

Epoch 00087: val_loss did not improve from 0.44131
Epoch 88/100
 - 65s - loss: 0.2328 - acc: 0.9802 - val_loss: 0.4779 - val_acc: 0.9161

Epoch 00088: val_loss did not improve from 0.44131
Epoch 89/100
 - 65s - loss: 0.2262 - acc: 0.9819 - val_loss: 0.4764 - val_acc: 0.9177

Epoch 00089: val_loss did not improve from 0.44131
Epoch 90/100
 - 65s - loss: 0.2198 - acc: 0.9834 - val_loss: 0.4377 - val_acc: 0.9252

Epoch 00090: val_loss improved from 0.44131 to 0.43773, saving model to keras_model/cifar10/miniResNet/best_chkpt.hdf5
Epoch 91/100
 - 65s - loss: 0.2121 - acc: 0.9850 - val_loss: 0.4524 - val_acc: 0.9210

Epoch 00091: val_loss did not improve from 0.43773
Epoch 92/100
 - 65s - loss: 0.2051 - acc: 0.9869 - val_loss: 0.4253 - val_acc: 0.9313

Epoch 00092: val_loss improved from 0.43773 to 0.42531, saving model to keras_model/cifar10/miniResNet/best_chkpt.hdf5
Epoch 93/100
 - 65s - loss: 0.1991 - acc: 0.9887 - val_loss: 0.4304 - val_acc: 0.9288

Epoch 00093: val_loss did not improve from 0.42531
Epoch 94/100
 - 65s - loss: 0.1943 - acc: 0.9895 - val_loss: 0.4442 - val_acc: 0.9282

Epoch 00094: val_loss did not improve from 0.42531
Epoch 95/100
 - 65s - loss: 0.1883 - acc: 0.9910 - val_loss: 0.4014 - val_acc: 0.9317

Epoch 00095: val_loss improved from 0.42531 to 0.40138, saving model to keras_model/cifar10/miniResNet/best_chkpt.hdf5
Epoch 96/100
 - 66s - loss: 0.1829 - acc: 0.9922 - val_loss: 0.4182 - val_acc: 0.9338

Epoch 00096: val_loss did not improve from 0.40138
Epoch 97/100
 - 65s - loss: 0.1783 - acc: 0.9933 - val_loss: 0.4221 - val_acc: 0.9287

Epoch 00097: val_loss did not improve from 0.40138
Epoch 98/100
 - 65s - loss: 0.1753 - acc: 0.9943 - val_loss: 0.4163 - val_acc: 0.9322

Epoch 00098: val_loss did not improve from 0.40138
Epoch 99/100
 - 65s - loss: 0.1735 - acc: 0.9945 - val_loss: 0.4135 - val_acc: 0.9357

Epoch 00099: val_loss did not improve from 0.40138
Epoch 100/100
 - 65s - loss: 0.1702 - acc: 0.9956 - val_loss: 0.4119 - val_acc: 0.9359

Epoch 00100: val_loss did not improve from 0.40138


Elapsed time for Keras training (s):  6577.921722


[INFO] evaluating network on Test and Validation datasets...

 128/5000 [..............................] - ETA: 1s
 384/5000 [=>............................] - ETA: 1s
 640/5000 [==>...........................] - ETA: 1s
 896/5000 [====>.........................] - ETA: 1s
1152/5000 [=====>........................] - ETA: 1s
1408/5000 [=======>......................] - ETA: 1s
1664/5000 [========>.....................] - ETA: 1s
1920/5000 [==========>...................] - ETA: 0s
2176/5000 [============>.................] - ETA: 0s
2432/5000 [=============>................] - ETA: 0s
2688/5000 [===============>..............] - ETA: 0s
2944/5000 [================>.............] - ETA: 0s
3200/5000 [==================>...........] - ETA: 0s
3456/5000 [===================>..........] - ETA: 0s
3712/5000 [=====================>........] - ETA: 0s
3968/5000 [======================>.......] - ETA: 0s
4224/5000 [========================>.....] - ETA: 0s
4480/5000 [=========================>....] - ETA: 0s
4736/5000 [===========================>..] - ETA: 0s
4992/5000 [============================>.] - ETA: 0s
5000/5000 [==============================] - 2s 319us/step
Validation Loss: 0.411
validation Accuracy: 0.936

 128/5000 [..............................] - ETA: 1s
 384/5000 [=>............................] - ETA: 1s
 640/5000 [==>...........................] - ETA: 1s
 896/5000 [====>.........................] - ETA: 1s
1152/5000 [=====>........................] - ETA: 1s
1408/5000 [=======>......................] - ETA: 1s
1664/5000 [========>.....................] - ETA: 1s
1920/5000 [==========>...................] - ETA: 0s
2176/5000 [============>.................] - ETA: 0s
2432/5000 [=============>................] - ETA: 0s
2688/5000 [===============>..............] - ETA: 0s
2944/5000 [================>.............] - ETA: 0s
3200/5000 [==================>...........] - ETA: 0s
3456/5000 [===================>..........] - ETA: 0s
3712/5000 [=====================>........] - ETA: 0s
3968/5000 [======================>.......] - ETA: 0s
4224/5000 [========================>.....] - ETA: 0s
4480/5000 [=========================>....] - ETA: 0s
4736/5000 [===========================>..] - ETA: 0s
4992/5000 [============================>.] - ETA: 0s
5000/5000 [==============================] - 2s 319us/step
Using TensorFlow backend.
Test Loss: 0.407
Test Accuracy: 0.933
              precision    recall  f1-score   support

    airplane       0.93      0.94      0.94       500
  automobile       0.96      1.00      0.98       500
        bird       0.91      0.93      0.92       500
         cat       0.87      0.84      0.85       500
        deer       0.94      0.93      0.93       500
         dog       0.93      0.86      0.89       500
        frog       0.92      0.97      0.94       500
       horse       0.97      0.96      0.96       500
        ship       0.95      0.96      0.96       500
       truck       0.96      0.95      0.95       500

   micro avg       0.93      0.93      0.93      5000
   macro avg       0.93      0.93      0.93      5000
weighted avg       0.93      0.93      0.93      5000


TRAINING miniResNet FINISHED

