2019-07-10 17:31:18.256346: I tensorflow/core/platform/cpu_feature_guard.cc:141] Your CPU supports instructions that this TensorFlow binary was not compiled to use: AVX512F
2019-07-10 17:31:18.348374: I tensorflow/core/common_runtime/gpu/gpu_device.cc:1392] Found device 0 with properties: 
name: Quadro P6000 major: 6 minor: 1 memoryClockRate(GHz): 1.645
pciBusID: 0000:65:00.0
totalMemory: 23.86GiB freeMemory: 23.11GiB
2019-07-10 17:31:18.348395: I tensorflow/core/common_runtime/gpu/gpu_device.cc:1471] Adding visible gpu devices: 0
2019-07-10 17:31:18.578495: I tensorflow/core/common_runtime/gpu/gpu_device.cc:952] Device interconnect StreamExecutor with strength 1 edge matrix:
2019-07-10 17:31:18.578522: I tensorflow/core/common_runtime/gpu/gpu_device.cc:958]      0 
2019-07-10 17:31:18.578526: I tensorflow/core/common_runtime/gpu/gpu_device.cc:971] 0:   N 
2019-07-10 17:31:18.579062: I tensorflow/core/common_runtime/gpu/gpu_device.cc:1084] Created TensorFlow device (/job:localhost/replica:0/task:0/device:GPU:0 with 22426 MB memory) -> physical GPU (device: 0, name: Quadro P6000, pci bus id: 0000:65:00.0, compute capability: 6.1)
[INFO] compiling model...
[INFO] training model...
Epoch 1/25
 - 30s - loss: 0.4897 - acc: 0.8624 - val_loss: 0.3563 - val_acc: 0.9080

Epoch 00001: val_loss improved from inf to 0.35633, saving model to keras_model/cifar10/miniVggNet/best_chkpt.hdf5
Epoch 2/25
 - 28s - loss: 0.3663 - acc: 0.9059 - val_loss: 0.3270 - val_acc: 0.9151

Epoch 00002: val_loss improved from 0.35633 to 0.32696, saving model to keras_model/cifar10/miniVggNet/best_chkpt.hdf5
Epoch 3/25
 - 28s - loss: 0.3308 - acc: 0.9174 - val_loss: 0.3152 - val_acc: 0.9202

Epoch 00003: val_loss improved from 0.32696 to 0.31523, saving model to keras_model/cifar10/miniVggNet/best_chkpt.hdf5
Epoch 4/25
 - 28s - loss: 0.3126 - acc: 0.9224 - val_loss: 0.3011 - val_acc: 0.9255

Epoch 00004: val_loss improved from 0.31523 to 0.30109, saving model to keras_model/cifar10/miniVggNet/best_chkpt.hdf5
Epoch 5/25
 - 28s - loss: 0.2982 - acc: 0.9279 - val_loss: 0.3012 - val_acc: 0.9266

Epoch 00005: val_loss did not improve from 0.30109
Epoch 6/25
 - 28s - loss: 0.2884 - acc: 0.9310 - val_loss: 0.2938 - val_acc: 0.9276

Epoch 00006: val_loss improved from 0.30109 to 0.29378, saving model to keras_model/cifar10/miniVggNet/best_chkpt.hdf5
Epoch 7/25
 - 28s - loss: 0.2786 - acc: 0.9342 - val_loss: 0.2854 - val_acc: 0.9308

Epoch 00007: val_loss improved from 0.29378 to 0.28541, saving model to keras_model/cifar10/miniVggNet/best_chkpt.hdf5
Epoch 8/25
 - 28s - loss: 0.2739 - acc: 0.9360 - val_loss: 0.2893 - val_acc: 0.9284

Epoch 00008: val_loss did not improve from 0.28541
Epoch 9/25
 - 28s - loss: 0.2652 - acc: 0.9393 - val_loss: 0.2754 - val_acc: 0.9334

Epoch 00009: val_loss improved from 0.28541 to 0.27541, saving model to keras_model/cifar10/miniVggNet/best_chkpt.hdf5
Epoch 10/25
 - 28s - loss: 0.2616 - acc: 0.9398 - val_loss: 0.2834 - val_acc: 0.9293

Epoch 00010: val_loss did not improve from 0.27541
Epoch 11/25
 - 28s - loss: 0.2556 - acc: 0.9415 - val_loss: 0.2735 - val_acc: 0.9348

Epoch 00011: val_loss improved from 0.27541 to 0.27349, saving model to keras_model/cifar10/miniVggNet/best_chkpt.hdf5
Epoch 12/25
 - 28s - loss: 0.2511 - acc: 0.9424 - val_loss: 0.2726 - val_acc: 0.9340

Epoch 00012: val_loss improved from 0.27349 to 0.27263, saving model to keras_model/cifar10/miniVggNet/best_chkpt.hdf5
Epoch 13/25
 - 29s - loss: 0.2491 - acc: 0.9443 - val_loss: 0.2761 - val_acc: 0.9317

Epoch 00013: val_loss did not improve from 0.27263
Epoch 14/25
 - 29s - loss: 0.2456 - acc: 0.9447 - val_loss: 0.2696 - val_acc: 0.9346

Epoch 00014: val_loss improved from 0.27263 to 0.26964, saving model to keras_model/cifar10/miniVggNet/best_chkpt.hdf5
Epoch 15/25
 - 29s - loss: 0.2425 - acc: 0.9453 - val_loss: 0.2724 - val_acc: 0.9336

Epoch 00015: val_loss did not improve from 0.26964
Epoch 16/25
 - 28s - loss: 0.2387 - acc: 0.9468 - val_loss: 0.2664 - val_acc: 0.9358

Epoch 00016: val_loss improved from 0.26964 to 0.26636, saving model to keras_model/cifar10/miniVggNet/best_chkpt.hdf5
Epoch 17/25
 - 28s - loss: 0.2362 - acc: 0.9474 - val_loss: 0.2673 - val_acc: 0.9354

Epoch 00017: val_loss did not improve from 0.26636
Epoch 18/25
 - 28s - loss: 0.2331 - acc: 0.9485 - val_loss: 0.2702 - val_acc: 0.9321

Epoch 00018: val_loss did not improve from 0.26636
Epoch 19/25
 - 27s - loss: 0.2294 - acc: 0.9495 - val_loss: 0.2625 - val_acc: 0.9363

Epoch 00019: val_loss improved from 0.26636 to 0.26246, saving model to keras_model/cifar10/miniVggNet/best_chkpt.hdf5
Epoch 20/25
 - 25s - loss: 0.2282 - acc: 0.9498 - val_loss: 0.2692 - val_acc: 0.9358

Epoch 00020: val_loss did not improve from 0.26246
Epoch 21/25
 - 27s - loss: 0.2264 - acc: 0.9506 - val_loss: 0.2618 - val_acc: 0.9364

Epoch 00021: val_loss improved from 0.26246 to 0.26184, saving model to keras_model/cifar10/miniVggNet/best_chkpt.hdf5
Epoch 22/25
 - 27s - loss: 0.2249 - acc: 0.9505 - val_loss: 0.2617 - val_acc: 0.9377

Epoch 00022: val_loss improved from 0.26184 to 0.26173, saving model to keras_model/cifar10/miniVggNet/best_chkpt.hdf5
Epoch 23/25
 - 27s - loss: 0.2225 - acc: 0.9515 - val_loss: 0.2629 - val_acc: 0.9379

Epoch 00023: val_loss did not improve from 0.26173
Epoch 24/25
 - 25s - loss: 0.2209 - acc: 0.9524 - val_loss: 0.2598 - val_acc: 0.9375

Epoch 00024: val_loss improved from 0.26173 to 0.25978, saving model to keras_model/cifar10/miniVggNet/best_chkpt.hdf5
Epoch 25/25
 - 27s - loss: 0.2173 - acc: 0.9533 - val_loss: 0.2683 - val_acc: 0.9340

Epoch 00025: val_loss did not improve from 0.25978


Elapsed time for Keras training (s):  693.910305


[INFO] evaluating network on Test and Validation datasets...

  64/5000 [..............................] - ETA: 0s
 960/5000 [====>.........................] - ETA: 0s
1792/5000 [=========>....................] - ETA: 0s
2688/5000 [===============>..............] - ETA: 0s
3584/5000 [====================>.........] - ETA: 0s
4416/5000 [=========================>....] - ETA: 0s
5000/5000 [==============================] - 0s 60us/step
Validation Loss: 0.262
validation Accuracy: 0.936

  64/5000 [..............................] - ETA: 0s
 960/5000 [====>.........................] - ETA: 0s
1792/5000 [=========>....................] - ETA: 0s
2688/5000 [===============>..............] - ETA: 0s
3520/5000 [====================>.........] - ETA: 0s
4352/5000 [=========================>....] - ETA: 0s
5000/5000 [==============================] - 0s 61us/step
Using TensorFlow backend.
Test Loss: 0.260
Test Accuracy: 0.941
              precision    recall  f1-score   support

    airplane       0.92      0.91      0.91       500
  automobile       1.00      0.99      1.00       500
        bird       0.91      0.93      0.92       500
         cat       0.94      0.94      0.94       500
        deer       0.89      0.93      0.91       500
         dog       0.99      0.98      0.99       500
        frog       0.83      0.81      0.82       500
       horse       0.95      0.99      0.97       500
        ship       0.99      0.98      0.99       500
       truck       0.99      0.96      0.97       500

   micro avg       0.94      0.94      0.94      5000
   macro avg       0.94      0.94      0.94      5000
weighted avg       0.94      0.94      0.94      5000


TRAINING miniVggNet FINISHED

