2019-07-10 20:50:44.230816: I tensorflow/core/platform/cpu_feature_guard.cc:141] Your CPU supports instructions that this TensorFlow binary was not compiled to use: AVX512F
2019-07-10 20:50:44.311429: I tensorflow/core/common_runtime/gpu/gpu_device.cc:1392] Found device 0 with properties: 
name: Quadro P6000 major: 6 minor: 1 memoryClockRate(GHz): 1.645
pciBusID: 0000:65:00.0
totalMemory: 23.86GiB freeMemory: 23.18GiB
2019-07-10 20:50:44.311451: I tensorflow/core/common_runtime/gpu/gpu_device.cc:1471] Adding visible gpu devices: 0
2019-07-10 20:50:44.588609: I tensorflow/core/common_runtime/gpu/gpu_device.cc:952] Device interconnect StreamExecutor with strength 1 edge matrix:
2019-07-10 20:50:44.588640: I tensorflow/core/common_runtime/gpu/gpu_device.cc:958]      0 
2019-07-10 20:50:44.588644: I tensorflow/core/common_runtime/gpu/gpu_device.cc:971] 0:   N 
2019-07-10 20:50:44.589174: I tensorflow/core/common_runtime/gpu/gpu_device.cc:1084] Created TensorFlow device (/job:localhost/replica:0/task:0/device:GPU:0 with 22493 MB memory) -> physical GPU (device: 0, name: Quadro P6000, pci bus id: 0000:65:00.0, compute capability: 6.1)
Optimizing fused batch norm node name: "batch_normalization_18/FusedBatchNorm_1"
op: "FusedBatchNorm"
input: "conv2d_18/BiasAdd"
input: "batch_normalization_18/gamma"
input: "batch_normalization_18/beta"
input: "batch_normalization_18/moving_mean"
input: "batch_normalization_18/moving_variance"
device: "/job:localhost/replica:0/task:0/device:GPU:0"
attr {
  key: "T"
  value {
    type: DT_FLOAT
  }
}
attr {
  key: "data_format"
  value {
    s: "NHWC"
  }
}
attr {
  key: "epsilon"
  value {
    f: 0.001
  }
}
attr {
  key: "is_training"
  value {
    b: false
  }
}

Optimizing fused batch norm node name: "batch_normalization_16/FusedBatchNorm_1"
op: "FusedBatchNorm"
input: "conv2d_16/BiasAdd"
input: "batch_normalization_16/gamma"
input: "batch_normalization_16/beta"
input: "batch_normalization_16/moving_mean"
input: "batch_normalization_16/moving_variance"
device: "/job:localhost/replica:0/task:0/device:GPU:0"
attr {
  key: "T"
  value {
    type: DT_FLOAT
  }
}
attr {
  key: "data_format"
  value {
    s: "NHWC"
  }
}
attr {
  key: "epsilon"
  value {
    f: 0.001
  }
}
attr {
  key: "is_training"
  value {
    b: false
  }
}

Optimizing fused batch norm node name: "batch_normalization_15/FusedBatchNorm_1"
op: "FusedBatchNorm"
input: "conv2d_15/BiasAdd"
input: "batch_normalization_15/gamma"
input: "batch_normalization_15/beta"
input: "batch_normalization_15/moving_mean"
input: "batch_normalization_15/moving_variance"
device: "/job:localhost/replica:0/task:0/device:GPU:0"
attr {
  key: "T"
  value {
    type: DT_FLOAT
  }
}
attr {
  key: "data_format"
  value {
    s: "NHWC"
  }
}
attr {
  key: "epsilon"
  value {
    f: 0.001
  }
}
attr {
  key: "is_training"
  value {
    b: false
  }
}

Optimizing fused batch norm node name: "batch_normalization_13/FusedBatchNorm_1"
op: "FusedBatchNorm"
input: "conv2d_13/BiasAdd"
input: "batch_normalization_13/gamma"
input: "batch_normalization_13/beta"
input: "batch_normalization_13/moving_mean"
input: "batch_normalization_13/moving_variance"
device: "/job:localhost/replica:0/task:0/device:GPU:0"
attr {
  key: "T"
  value {
    type: DT_FLOAT
  }
}
attr {
  key: "data_format"
  value {
    s: "NHWC"
  }
}
attr {
  key: "epsilon"
  value {
    f: 0.001
  }
}
attr {
  key: "is_training"
  value {
    b: false
  }
}

Optimizing fused batch norm node name: "batch_normalization_11/FusedBatchNorm_1"
op: "FusedBatchNorm"
input: "conv2d_11/BiasAdd"
input: "batch_normalization_11/gamma"
input: "batch_normalization_11/beta"
input: "batch_normalization_11/moving_mean"
input: "batch_normalization_11/moving_variance"
device: "/job:localhost/replica:0/task:0/device:GPU:0"
attr {
  key: "T"
  value {
    type: DT_FLOAT
  }
}
attr {
  key: "data_format"
  value {
    s: "NHWC"
  }
}
attr {
  key: "epsilon"
  value {
    f: 0.001
  }
}
attr {
  key: "is_training"
  value {
    b: false
  }
}

Optimizing fused batch norm node name: "batch_normalization_9/FusedBatchNorm_1"
op: "FusedBatchNorm"
input: "conv2d_9/BiasAdd"
input: "batch_normalization_9/gamma"
input: "batch_normalization_9/beta"
input: "batch_normalization_9/moving_mean"
input: "batch_normalization_9/moving_variance"
device: "/job:localhost/replica:0/task:0/device:GPU:0"
attr {
  key: "T"
  value {
    type: DT_FLOAT
  }
}
attr {
  key: "data_format"
  value {
    s: "NHWC"
  }
}
attr {
  key: "epsilon"
  value {
    f: 0.001
  }
}
attr {
  key: "is_training"
  value {
    b: false
  }
}

Optimizing fused batch norm node name: "batch_normalization_7/FusedBatchNorm_1"
op: "FusedBatchNorm"
input: "conv2d_7/BiasAdd"
input: "batch_normalization_7/gamma"
input: "batch_normalization_7/beta"
input: "batch_normalization_7/moving_mean"
input: "batch_normalization_7/moving_variance"
device: "/job:localhost/replica:0/task:0/device:GPU:0"
attr {
  key: "T"
  value {
    type: DT_FLOAT
  }
}
attr {
  key: "data_format"
  value {
    s: "NHWC"
  }
}
attr {
  key: "epsilon"
  value {
    f: 0.001
  }
}
attr {
  key: "is_training"
  value {
    b: false
  }
}

Optimizing fused batch norm node name: "batch_normalization_6/FusedBatchNorm_1"
op: "FusedBatchNorm"
input: "conv2d_6/BiasAdd"
input: "batch_normalization_6/gamma"
input: "batch_normalization_6/beta"
input: "batch_normalization_6/moving_mean"
input: "batch_normalization_6/moving_variance"
device: "/job:localhost/replica:0/task:0/device:GPU:0"
attr {
  key: "T"
  value {
    type: DT_FLOAT
  }
}
attr {
  key: "data_format"
  value {
    s: "NHWC"
  }
}
attr {
  key: "epsilon"
  value {
    f: 0.001
  }
}
attr {
  key: "is_training"
  value {
    b: false
  }
}

Optimizing fused batch norm node name: "batch_normalization_4/FusedBatchNorm_1"
op: "FusedBatchNorm"
input: "conv2d_4/BiasAdd"
input: "batch_normalization_4/gamma"
input: "batch_normalization_4/beta"
input: "batch_normalization_4/moving_mean"
input: "batch_normalization_4/moving_variance"
device: "/job:localhost/replica:0/task:0/device:GPU:0"
attr {
  key: "T"
  value {
    type: DT_FLOAT
  }
}
attr {
  key: "data_format"
  value {
    s: "NHWC"
  }
}
attr {
  key: "epsilon"
  value {
    f: 0.001
  }
}
attr {
  key: "is_training"
  value {
    b: false
  }
}

Optimizing fused batch norm node name: "batch_normalization_2/FusedBatchNorm_1"
op: "FusedBatchNorm"
input: "conv2d_2/BiasAdd"
input: "batch_normalization_2/gamma"
input: "batch_normalization_2/beta"
input: "batch_normalization_2/moving_mean"
input: "batch_normalization_2/moving_variance"
device: "/job:localhost/replica:0/task:0/device:GPU:0"
attr {
  key: "T"
  value {
    type: DT_FLOAT
  }
}
attr {
  key: "data_format"
  value {
    s: "NHWC"
  }
}
attr {
  key: "epsilon"
  value {
    f: 0.001
  }
}
attr {
  key: "is_training"
  value {
    b: false
  }
}

Optimizing fused batch norm node name: "batch_normalization_1/FusedBatchNorm_1"
op: "FusedBatchNorm"
input: "conv2d_1/BiasAdd"
input: "batch_normalization_1/gamma"
input: "batch_normalization_1/beta"
input: "batch_normalization_1/moving_mean"
input: "batch_normalization_1/moving_variance"
device: "/job:localhost/replica:0/task:0/device:GPU:0"
attr {
  key: "T"
  value {
    type: DT_FLOAT
  }
}
attr {
  key: "data_format"
  value {
    s: "NHWC"
  }
}
attr {
  key: "epsilon"
  value {
    f: 0.001
  }
}
attr {
  key: "is_training"
  value {
    b: false
  }
}

Optimizing fused batch norm node name: "batch_normalization_3/FusedBatchNorm_1"
op: "FusedBatchNorm"
input: "conv2d_3/BiasAdd"
input: "batch_normalization_3/gamma"
input: "batch_normalization_3/beta"
input: "batch_normalization_3/moving_mean"
input: "batch_normalization_3/moving_variance"
device: "/job:localhost/replica:0/task:0/device:GPU:0"
attr {
  key: "T"
  value {
    type: DT_FLOAT
  }
}
attr {
  key: "data_format"
  value {
    s: "NHWC"
  }
}
attr {
  key: "epsilon"
  value {
    f: 0.001
  }
}
attr {
  key: "is_training"
  value {
    b: false
  }
}

Optimizing fused batch norm node name: "batch_normalization_5/FusedBatchNorm_1"
op: "FusedBatchNorm"
input: "conv2d_5/BiasAdd"
input: "batch_normalization_5/gamma"
input: "batch_normalization_5/beta"
input: "batch_normalization_5/moving_mean"
input: "batch_normalization_5/moving_variance"
device: "/job:localhost/replica:0/task:0/device:GPU:0"
attr {
  key: "T"
  value {
    type: DT_FLOAT
  }
}
attr {
  key: "data_format"
  value {
    s: "NHWC"
  }
}
attr {
  key: "epsilon"
  value {
    f: 0.001
  }
}
attr {
  key: "is_training"
  value {
    b: false
  }
}

Optimizing fused batch norm node name: "batch_normalization_8/FusedBatchNorm_1"
op: "FusedBatchNorm"
input: "conv2d_8/BiasAdd"
input: "batch_normalization_8/gamma"
input: "batch_normalization_8/beta"
input: "batch_normalization_8/moving_mean"
input: "batch_normalization_8/moving_variance"
device: "/job:localhost/replica:0/task:0/device:GPU:0"
attr {
  key: "T"
  value {
    type: DT_FLOAT
  }
}
attr {
  key: "data_format"
  value {
    s: "NHWC"
  }
}
attr {
  key: "epsilon"
  value {
    f: 0.001
  }
}
attr {
  key: "is_training"
  value {
    b: false
  }
}

Optimizing fused batch norm node name: "batch_normalization_10/FusedBatchNorm_1"
op: "FusedBatchNorm"
input: "conv2d_10/BiasAdd"
input: "batch_normalization_10/gamma"
input: "batch_normalization_10/beta"
input: "batch_normalization_10/moving_mean"
input: "batch_normalization_10/moving_variance"
device: "/job:localhost/replica:0/task:0/device:GPU:0"
attr {
  key: "T"
  value {
    type: DT_FLOAT
  }
}
attr {
  key: "data_format"
  value {
    s: "NHWC"
  }
}
attr {
  key: "epsilon"
  value {
    f: 0.001
  }
}
attr {
  key: "is_training"
  value {
    b: false
  }
}

Optimizing fused batch norm node name: "batch_normalization_12/FusedBatchNorm_1"
op: "FusedBatchNorm"
input: "conv2d_12/BiasAdd"
input: "batch_normalization_12/gamma"
input: "batch_normalization_12/beta"
input: "batch_normalization_12/moving_mean"
input: "batch_normalization_12/moving_variance"
device: "/job:localhost/replica:0/task:0/device:GPU:0"
attr {
  key: "T"
  value {
    type: DT_FLOAT
  }
}
attr {
  key: "data_format"
  value {
    s: "NHWC"
  }
}
attr {
  key: "epsilon"
  value {
    f: 0.001
  }
}
attr {
  key: "is_training"
  value {
    b: false
  }
}

Optimizing fused batch norm node name: "batch_normalization_14/FusedBatchNorm_1"
op: "FusedBatchNorm"
input: "conv2d_14/BiasAdd"
input: "batch_normalization_14/gamma"
input: "batch_normalization_14/beta"
input: "batch_normalization_14/moving_mean"
input: "batch_normalization_14/moving_variance"
device: "/job:localhost/replica:0/task:0/device:GPU:0"
attr {
  key: "T"
  value {
    type: DT_FLOAT
  }
}
attr {
  key: "data_format"
  value {
    s: "NHWC"
  }
}
attr {
  key: "epsilon"
  value {
    f: 0.001
  }
}
attr {
  key: "is_training"
  value {
    b: false
  }
}

Optimizing fused batch norm node name: "batch_normalization_17/FusedBatchNorm_1"
op: "FusedBatchNorm"
input: "conv2d_17/BiasAdd"
input: "batch_normalization_17/gamma"
input: "batch_normalization_17/beta"
input: "batch_normalization_17/moving_mean"
input: "batch_normalization_17/moving_variance"
device: "/job:localhost/replica:0/task:0/device:GPU:0"
attr {
  key: "T"
  value {
    type: DT_FLOAT
  }
}
attr {
  key: "data_format"
  value {
    s: "NHWC"
  }
}
attr {
  key: "epsilon"
  value {
    f: 0.001
  }
}
attr {
  key: "is_training"
  value {
    b: false
  }
}

Optimizing fused batch norm node name: "batch_normalization_19/FusedBatchNorm_1"
op: "FusedBatchNorm"
input: "conv2d_19/BiasAdd"
input: "batch_normalization_19/gamma"
input: "batch_normalization_19/beta"
input: "batch_normalization_19/moving_mean"
input: "batch_normalization_19/moving_variance"
device: "/job:localhost/replica:0/task:0/device:GPU:0"
attr {
  key: "T"
  value {
    type: DT_FLOAT
  }
}
attr {
  key: "data_format"
  value {
    s: "NHWC"
  }
}
attr {
  key: "epsilon"
  value {
    f: 0.001
  }
}
attr {
  key: "is_training"
  value {
    b: false
  }
}


 eval_graph.py runs from  /home/danieleb/ML/TF/KERAS-CUSTOM-CNN/dataset/fashion-mnist
 Top 1 accuracy with test dataset: 0.9244
 Top 5 accuracy with test dataset: 0.9982
FINISHED!
