[0;33m[DNNC][Warning] layer [activation_83_Softmax] (type: Softmax) is not supported in DPU, deploy it in CPU instead.
[m
DNNC Kernel topology "miniResNet_kernel_graph.jpg" for network "miniResNet"
DNNC kernel list info for network "miniResNet"
                               Kernel ID : Name
                                       0 : miniResNet_0
                                       1 : miniResNet_1

                             Kernel Name : miniResNet_0
--------------------------------------------------------------------------------
                             Kernel Type : DPUKernel
                               Code Size : 0.21MB
                              Param Size : 0.84MB
                           Workload MACs : 267.23MOPS
                         IO Memory Space : 0.23MB
                              Mean Value : 0, 0, 0, 
                              Node Count : 115
                            Tensor Count : 116
                    Input Node(s)(H*W*C)
batch_normalization_1_FusedBatchNorm_1_add(0) : 32*32*3
                   Output Node(s)(H*W*C)
                       dense_1_MatMul(0) : 1*1*10


                             Kernel Name : miniResNet_1
--------------------------------------------------------------------------------
                             Kernel Type : CPUKernel
                    Input Node(s)(H*W*C)
                   activation_83_Softmax : 1*1*10
                   Output Node(s)(H*W*C)
                   activation_83_Softmax : 1*1*10


