Using TensorFlow backend.
This script is located in:  /home/danieleb/ML/TF/KERAS-CUSTOM-CNN
Directory /home/danieleb/ML/TF/KERAS-CUSTOM-CNN/dataset/fashion-mnist created 
Directory /home/danieleb/ML/TF/KERAS-CUSTOM-CNN/dataset/fashion-mnist/train created 
Directory /home/danieleb/ML/TF/KERAS-CUSTOM-CNN/dataset/fashion-mnist/valid created 
Directory /home/danieleb/ML/TF/KERAS-CUSTOM-CNN/dataset/fashion-mnist/test created 
Directory /home/danieleb/ML/TF/KERAS-CUSTOM-CNN/dataset/fashion-mnist/calib created 
subDirectory /home/danieleb/ML/TF/KERAS-CUSTOM-CNN/dataset/fashion-mnist/train/top created 
subDirectory /home/danieleb/ML/TF/KERAS-CUSTOM-CNN/dataset/fashion-mnist/train/trouser created 
subDirectory /home/danieleb/ML/TF/KERAS-CUSTOM-CNN/dataset/fashion-mnist/train/pullover created 
subDirectory /home/danieleb/ML/TF/KERAS-CUSTOM-CNN/dataset/fashion-mnist/train/dress created 
subDirectory /home/danieleb/ML/TF/KERAS-CUSTOM-CNN/dataset/fashion-mnist/train/coat created 
subDirectory /home/danieleb/ML/TF/KERAS-CUSTOM-CNN/dataset/fashion-mnist/train/sandal created 
subDirectory /home/danieleb/ML/TF/KERAS-CUSTOM-CNN/dataset/fashion-mnist/train/shirt created 
subDirectory /home/danieleb/ML/TF/KERAS-CUSTOM-CNN/dataset/fashion-mnist/train/sneaker created 
subDirectory /home/danieleb/ML/TF/KERAS-CUSTOM-CNN/dataset/fashion-mnist/train/bag created 
subDirectory /home/danieleb/ML/TF/KERAS-CUSTOM-CNN/dataset/fashion-mnist/train/ankleBoot created 
subDirectory /home/danieleb/ML/TF/KERAS-CUSTOM-CNN/dataset/fashion-mnist/valid/top created 
subDirectory /home/danieleb/ML/TF/KERAS-CUSTOM-CNN/dataset/fashion-mnist/valid/trouser created 
subDirectory /home/danieleb/ML/TF/KERAS-CUSTOM-CNN/dataset/fashion-mnist/valid/pullover created 
subDirectory /home/danieleb/ML/TF/KERAS-CUSTOM-CNN/dataset/fashion-mnist/valid/dress created 
subDirectory /home/danieleb/ML/TF/KERAS-CUSTOM-CNN/dataset/fashion-mnist/valid/coat created 
subDirectory /home/danieleb/ML/TF/KERAS-CUSTOM-CNN/dataset/fashion-mnist/valid/sandal created 
subDirectory /home/danieleb/ML/TF/KERAS-CUSTOM-CNN/dataset/fashion-mnist/valid/shirt created 
subDirectory /home/danieleb/ML/TF/KERAS-CUSTOM-CNN/dataset/fashion-mnist/valid/sneaker created 
subDirectory /home/danieleb/ML/TF/KERAS-CUSTOM-CNN/dataset/fashion-mnist/valid/bag created 
subDirectory /home/danieleb/ML/TF/KERAS-CUSTOM-CNN/dataset/fashion-mnist/valid/ankleBoot created 
subDirectory /home/danieleb/ML/TF/KERAS-CUSTOM-CNN/dataset/fashion-mnist/test/top created 
subDirectory /home/danieleb/ML/TF/KERAS-CUSTOM-CNN/dataset/fashion-mnist/test/trouser created 
subDirectory /home/danieleb/ML/TF/KERAS-CUSTOM-CNN/dataset/fashion-mnist/test/pullover created 
subDirectory /home/danieleb/ML/TF/KERAS-CUSTOM-CNN/dataset/fashion-mnist/test/dress created 
subDirectory /home/danieleb/ML/TF/KERAS-CUSTOM-CNN/dataset/fashion-mnist/test/coat created 
subDirectory /home/danieleb/ML/TF/KERAS-CUSTOM-CNN/dataset/fashion-mnist/test/sandal created 
subDirectory /home/danieleb/ML/TF/KERAS-CUSTOM-CNN/dataset/fashion-mnist/test/shirt created 
subDirectory /home/danieleb/ML/TF/KERAS-CUSTOM-CNN/dataset/fashion-mnist/test/sneaker created 
subDirectory /home/danieleb/ML/TF/KERAS-CUSTOM-CNN/dataset/fashion-mnist/test/bag created 
subDirectory /home/danieleb/ML/TF/KERAS-CUSTOM-CNN/dataset/fashion-mnist/test/ankleBoot created 
subDirectory /home/danieleb/ML/TF/KERAS-CUSTOM-CNN/dataset/fashion-mnist/calib/top created 
subDirectory /home/danieleb/ML/TF/KERAS-CUSTOM-CNN/dataset/fashion-mnist/calib/trouser created 
subDirectory /home/danieleb/ML/TF/KERAS-CUSTOM-CNN/dataset/fashion-mnist/calib/pullover created 
subDirectory /home/danieleb/ML/TF/KERAS-CUSTOM-CNN/dataset/fashion-mnist/calib/dress created 
subDirectory /home/danieleb/ML/TF/KERAS-CUSTOM-CNN/dataset/fashion-mnist/calib/coat created 
subDirectory /home/danieleb/ML/TF/KERAS-CUSTOM-CNN/dataset/fashion-mnist/calib/sandal created 
subDirectory /home/danieleb/ML/TF/KERAS-CUSTOM-CNN/dataset/fashion-mnist/calib/shirt created 
subDirectory /home/danieleb/ML/TF/KERAS-CUSTOM-CNN/dataset/fashion-mnist/calib/sneaker created 
subDirectory /home/danieleb/ML/TF/KERAS-CUSTOM-CNN/dataset/fashion-mnist/calib/bag created 
subDirectory /home/danieleb/ML/TF/KERAS-CUSTOM-CNN/dataset/fashion-mnist/calib/ankleBoot created 
60000 images in original train dataset
10000 images in original test  dataset
classes histogram in train and test dataset:  [1000 1000 1000 1000 1000 1000 1000 1000 1000 1000]
num images in train folder =  60000
num images in val folder   =  5000
num images in pred folder  =  5000

FINISHED CREATING DATASET

