2019-07-10 21:12:08.498280: I tensorflow/core/platform/cpu_feature_guard.cc:141] Your CPU supports instructions that this TensorFlow binary was not compiled to use: AVX512F
2019-07-10 21:12:08.586027: I tensorflow/core/common_runtime/gpu/gpu_device.cc:1392] Found device 0 with properties: 
name: Quadro P6000 major: 6 minor: 1 memoryClockRate(GHz): 1.645
pciBusID: 0000:65:00.0
totalMemory: 23.86GiB freeMemory: 23.18GiB
2019-07-10 21:12:08.586050: I tensorflow/core/common_runtime/gpu/gpu_device.cc:1471] Adding visible gpu devices: 0
2019-07-10 21:12:08.813859: I tensorflow/core/common_runtime/gpu/gpu_device.cc:952] Device interconnect StreamExecutor with strength 1 edge matrix:
2019-07-10 21:12:08.813891: I tensorflow/core/common_runtime/gpu/gpu_device.cc:958]      0 
2019-07-10 21:12:08.813896: I tensorflow/core/common_runtime/gpu/gpu_device.cc:971] 0:   N 
2019-07-10 21:12:08.814415: I tensorflow/core/common_runtime/gpu/gpu_device.cc:1084] Created TensorFlow device (/job:localhost/replica:0/task:0/device:GPU:0 with 22493 MB memory) -> physical GPU (device: 0, name: Quadro P6000, pci bus id: 0000:65:00.0, compute capability: 6.1)
[INFO] compiling model...
[INFO] training model...
Epoch 1/70
 - 48s - loss: 0.4991 - acc: 0.8217 - val_loss: 0.6391 - val_acc: 0.7680

Epoch 00001: val_loss improved from inf to 0.63909, saving model to keras_model/fmnist/miniGoogleNet/best_chkpt.hdf5
Epoch 2/70
 - 47s - loss: 0.2793 - acc: 0.9009 - val_loss: 0.4027 - val_acc: 0.8584

Epoch 00002: val_loss improved from 0.63909 to 0.40268, saving model to keras_model/fmnist/miniGoogleNet/best_chkpt.hdf5
Epoch 3/70
 - 47s - loss: 0.2232 - acc: 0.9203 - val_loss: 0.3004 - val_acc: 0.8906

Epoch 00003: val_loss improved from 0.40268 to 0.30044, saving model to keras_model/fmnist/miniGoogleNet/best_chkpt.hdf5
Epoch 4/70
 - 47s - loss: 0.1835 - acc: 0.9353 - val_loss: 0.2992 - val_acc: 0.8990

Epoch 00004: val_loss improved from 0.30044 to 0.29921, saving model to keras_model/fmnist/miniGoogleNet/best_chkpt.hdf5
Epoch 5/70
 - 47s - loss: 0.1526 - acc: 0.9457 - val_loss: 0.2821 - val_acc: 0.9062

Epoch 00005: val_loss improved from 0.29921 to 0.28210, saving model to keras_model/fmnist/miniGoogleNet/best_chkpt.hdf5
Epoch 6/70
 - 47s - loss: 0.1228 - acc: 0.9576 - val_loss: 0.2447 - val_acc: 0.9209

Epoch 00006: val_loss improved from 0.28210 to 0.24474, saving model to keras_model/fmnist/miniGoogleNet/best_chkpt.hdf5
Epoch 7/70
 - 47s - loss: 0.0939 - acc: 0.9678 - val_loss: 0.4580 - val_acc: 0.8693

Epoch 00007: val_loss did not improve from 0.24474
Epoch 8/70
 - 47s - loss: 0.0734 - acc: 0.9757 - val_loss: 0.4127 - val_acc: 0.8921

Epoch 00008: val_loss did not improve from 0.24474
Epoch 9/70
 - 47s - loss: 0.0536 - acc: 0.9828 - val_loss: 0.2813 - val_acc: 0.9186

Epoch 00009: val_loss did not improve from 0.24474
Epoch 10/70
 - 47s - loss: 0.0370 - acc: 0.9890 - val_loss: 0.2953 - val_acc: 0.9200

Epoch 00010: val_loss did not improve from 0.24474
Epoch 11/70
 - 47s - loss: 0.0259 - acc: 0.9929 - val_loss: 0.3705 - val_acc: 0.9127

Epoch 00011: val_loss did not improve from 0.24474
Epoch 12/70
 - 47s - loss: 0.0181 - acc: 0.9954 - val_loss: 0.3358 - val_acc: 0.9209

Epoch 00012: val_loss did not improve from 0.24474
Epoch 13/70
 - 47s - loss: 0.0123 - acc: 0.9974 - val_loss: 0.4103 - val_acc: 0.9071

Epoch 00013: val_loss did not improve from 0.24474
Epoch 14/70
 - 47s - loss: 0.0084 - acc: 0.9988 - val_loss: 0.3100 - val_acc: 0.9263

Epoch 00014: val_loss did not improve from 0.24474
Epoch 15/70
 - 47s - loss: 0.0056 - acc: 0.9994 - val_loss: 0.3090 - val_acc: 0.9261

Epoch 00015: val_loss did not improve from 0.24474
Epoch 16/70
 - 47s - loss: 0.0050 - acc: 0.9994 - val_loss: 0.3637 - val_acc: 0.9207

Epoch 00016: val_loss did not improve from 0.24474
Epoch 17/70
 - 47s - loss: 0.0036 - acc: 0.9997 - val_loss: 0.3430 - val_acc: 0.9242

Epoch 00017: val_loss did not improve from 0.24474
Epoch 18/70
 - 47s - loss: 0.0029 - acc: 0.9999 - val_loss: 0.3226 - val_acc: 0.9284

Epoch 00018: val_loss did not improve from 0.24474
Epoch 19/70
 - 47s - loss: 0.0026 - acc: 0.9999 - val_loss: 0.3334 - val_acc: 0.9269

Epoch 00019: val_loss did not improve from 0.24474
Epoch 20/70
 - 47s - loss: 0.0023 - acc: 0.9999 - val_loss: 0.3525 - val_acc: 0.9238

Epoch 00020: val_loss did not improve from 0.24474
Epoch 21/70
 - 47s - loss: 0.0020 - acc: 0.9999 - val_loss: 0.3314 - val_acc: 0.9289

Epoch 00021: val_loss did not improve from 0.24474
Epoch 22/70
 - 47s - loss: 0.0017 - acc: 1.0000 - val_loss: 0.3333 - val_acc: 0.9263

Epoch 00022: val_loss did not improve from 0.24474
Epoch 23/70
 - 47s - loss: 0.0015 - acc: 1.0000 - val_loss: 0.3311 - val_acc: 0.9295

Epoch 00023: val_loss did not improve from 0.24474
Epoch 24/70
 - 47s - loss: 0.0015 - acc: 1.0000 - val_loss: 0.3424 - val_acc: 0.9286

Epoch 00024: val_loss did not improve from 0.24474
Epoch 25/70
 - 47s - loss: 0.0014 - acc: 0.9999 - val_loss: 0.3379 - val_acc: 0.9270

Epoch 00025: val_loss did not improve from 0.24474
Epoch 26/70
 - 47s - loss: 0.0013 - acc: 1.0000 - val_loss: 0.3497 - val_acc: 0.9281

Epoch 00026: val_loss did not improve from 0.24474
Epoch 27/70
 - 47s - loss: 0.0012 - acc: 1.0000 - val_loss: 0.3295 - val_acc: 0.9291

Epoch 00027: val_loss did not improve from 0.24474
Epoch 28/70
 - 47s - loss: 0.0011 - acc: 1.0000 - val_loss: 0.3445 - val_acc: 0.9268

Epoch 00028: val_loss did not improve from 0.24474
Epoch 29/70
 - 47s - loss: 0.0011 - acc: 1.0000 - val_loss: 0.3293 - val_acc: 0.9300

Epoch 00029: val_loss did not improve from 0.24474
Epoch 30/70
 - 47s - loss: 0.0011 - acc: 1.0000 - val_loss: 0.3514 - val_acc: 0.9273

Epoch 00030: val_loss did not improve from 0.24474
Epoch 31/70
 - 47s - loss: 0.0011 - acc: 1.0000 - val_loss: 0.3452 - val_acc: 0.9278

Epoch 00031: val_loss did not improve from 0.24474
Epoch 32/70
 - 47s - loss: 9.9193e-04 - acc: 1.0000 - val_loss: 0.3389 - val_acc: 0.9267

Epoch 00032: val_loss did not improve from 0.24474
Epoch 33/70
 - 47s - loss: 9.6560e-04 - acc: 1.0000 - val_loss: 0.3576 - val_acc: 0.9280

Epoch 00033: val_loss did not improve from 0.24474
Epoch 34/70
 - 47s - loss: 9.2953e-04 - acc: 1.0000 - val_loss: 0.3292 - val_acc: 0.9298

Epoch 00034: val_loss did not improve from 0.24474
Epoch 35/70
 - 47s - loss: 8.4954e-04 - acc: 1.0000 - val_loss: 0.3496 - val_acc: 0.9283

Epoch 00035: val_loss did not improve from 0.24474
Epoch 36/70
 - 47s - loss: 8.1592e-04 - acc: 1.0000 - val_loss: 0.3504 - val_acc: 0.9267

Epoch 00036: val_loss did not improve from 0.24474
Epoch 37/70
 - 47s - loss: 8.1742e-04 - acc: 1.0000 - val_loss: 0.3603 - val_acc: 0.9281

Epoch 00037: val_loss did not improve from 0.24474
Epoch 38/70
 - 47s - loss: 7.5494e-04 - acc: 1.0000 - val_loss: 0.3481 - val_acc: 0.9268

Epoch 00038: val_loss did not improve from 0.24474
Epoch 39/70
 - 47s - loss: 8.0557e-04 - acc: 1.0000 - val_loss: 0.3493 - val_acc: 0.9285

Epoch 00039: val_loss did not improve from 0.24474
Epoch 40/70
 - 47s - loss: 7.2305e-04 - acc: 1.0000 - val_loss: 0.3531 - val_acc: 0.9270

Epoch 00040: val_loss did not improve from 0.24474
Epoch 41/70
 - 47s - loss: 7.2694e-04 - acc: 1.0000 - val_loss: 0.3496 - val_acc: 0.9280

Epoch 00041: val_loss did not improve from 0.24474
Epoch 42/70
 - 47s - loss: 7.1583e-04 - acc: 1.0000 - val_loss: 0.3409 - val_acc: 0.9294

Epoch 00042: val_loss did not improve from 0.24474
Epoch 43/70
 - 47s - loss: 6.7990e-04 - acc: 1.0000 - val_loss: 0.3640 - val_acc: 0.9273

Epoch 00043: val_loss did not improve from 0.24474
Epoch 44/70
 - 47s - loss: 7.4075e-04 - acc: 1.0000 - val_loss: 0.3477 - val_acc: 0.9291

Epoch 00044: val_loss did not improve from 0.24474
Epoch 45/70
 - 47s - loss: 6.6650e-04 - acc: 1.0000 - val_loss: 0.3534 - val_acc: 0.9273

Epoch 00045: val_loss did not improve from 0.24474
Epoch 46/70
 - 47s - loss: 6.8220e-04 - acc: 1.0000 - val_loss: 0.3721 - val_acc: 0.9265

Epoch 00046: val_loss did not improve from 0.24474
Epoch 47/70
 - 47s - loss: 6.2289e-04 - acc: 1.0000 - val_loss: 0.3555 - val_acc: 0.9273

Epoch 00047: val_loss did not improve from 0.24474
Epoch 48/70
 - 47s - loss: 6.0926e-04 - acc: 1.0000 - val_loss: 0.3560 - val_acc: 0.9290

Epoch 00048: val_loss did not improve from 0.24474
Epoch 49/70
 - 47s - loss: 6.2229e-04 - acc: 1.0000 - val_loss: 0.3562 - val_acc: 0.9272

Epoch 00049: val_loss did not improve from 0.24474
Epoch 50/70
 - 47s - loss: 5.6289e-04 - acc: 1.0000 - val_loss: 0.3577 - val_acc: 0.9257

Epoch 00050: val_loss did not improve from 0.24474
Epoch 51/70
 - 47s - loss: 6.0853e-04 - acc: 1.0000 - val_loss: 0.3616 - val_acc: 0.9279

Epoch 00051: val_loss did not improve from 0.24474
Epoch 52/70
 - 47s - loss: 6.1323e-04 - acc: 1.0000 - val_loss: 0.3718 - val_acc: 0.9271

Epoch 00052: val_loss did not improve from 0.24474
Epoch 53/70
 - 47s - loss: 5.7761e-04 - acc: 1.0000 - val_loss: 0.3431 - val_acc: 0.9292

Epoch 00053: val_loss did not improve from 0.24474
Epoch 54/70
 - 47s - loss: 5.4829e-04 - acc: 1.0000 - val_loss: 0.3840 - val_acc: 0.9245

Epoch 00054: val_loss did not improve from 0.24474
Epoch 55/70
 - 47s - loss: 5.6792e-04 - acc: 1.0000 - val_loss: 0.3525 - val_acc: 0.9287

Epoch 00055: val_loss did not improve from 0.24474
Epoch 56/70
 - 47s - loss: 5.6283e-04 - acc: 1.0000 - val_loss: 0.3495 - val_acc: 0.9298

Epoch 00056: val_loss did not improve from 0.24474
Epoch 57/70
 - 47s - loss: 5.3304e-04 - acc: 1.0000 - val_loss: 0.3850 - val_acc: 0.9253

Epoch 00057: val_loss did not improve from 0.24474
Epoch 58/70
 - 47s - loss: 5.1517e-04 - acc: 1.0000 - val_loss: 0.3438 - val_acc: 0.9306

Epoch 00058: val_loss did not improve from 0.24474
Epoch 59/70
 - 47s - loss: 4.8457e-04 - acc: 1.0000 - val_loss: 0.3761 - val_acc: 0.9270

Epoch 00059: val_loss did not improve from 0.24474
Epoch 60/70
 - 47s - loss: 5.2194e-04 - acc: 1.0000 - val_loss: 0.3482 - val_acc: 0.9306

Epoch 00060: val_loss did not improve from 0.24474
Epoch 61/70
 - 47s - loss: 5.1093e-04 - acc: 1.0000 - val_loss: 0.3669 - val_acc: 0.9264

Epoch 00061: val_loss did not improve from 0.24474
Epoch 62/70
 - 47s - loss: 4.9485e-04 - acc: 1.0000 - val_loss: 0.3665 - val_acc: 0.9292

Epoch 00062: val_loss did not improve from 0.24474
Epoch 63/70
 - 47s - loss: 4.8509e-04 - acc: 1.0000 - val_loss: 0.3670 - val_acc: 0.9284

Epoch 00063: val_loss did not improve from 0.24474
Epoch 64/70
 - 47s - loss: 4.6176e-04 - acc: 1.0000 - val_loss: 0.3514 - val_acc: 0.9312

Epoch 00064: val_loss did not improve from 0.24474
Epoch 65/70
 - 47s - loss: 4.6481e-04 - acc: 1.0000 - val_loss: 0.3688 - val_acc: 0.9269

Epoch 00065: val_loss did not improve from 0.24474
Epoch 66/70
 - 47s - loss: 4.8744e-04 - acc: 1.0000 - val_loss: 0.3604 - val_acc: 0.9287

Epoch 00066: val_loss did not improve from 0.24474
Epoch 67/70
 - 47s - loss: 4.7669e-04 - acc: 1.0000 - val_loss: 0.3720 - val_acc: 0.9271

Epoch 00067: val_loss did not improve from 0.24474
Epoch 68/70
 - 47s - loss: 4.6390e-04 - acc: 1.0000 - val_loss: 0.3604 - val_acc: 0.9270

Epoch 00068: val_loss did not improve from 0.24474
Epoch 69/70
 - 47s - loss: 4.6713e-04 - acc: 1.0000 - val_loss: 0.3714 - val_acc: 0.9273

Epoch 00069: val_loss did not improve from 0.24474
Epoch 70/70
 - 47s - loss: 4.5543e-04 - acc: 1.0000 - val_loss: 0.3549 - val_acc: 0.9307

Epoch 00070: val_loss did not improve from 0.24474


Elapsed time for Keras training (s):  3273.804583


[INFO] evaluating network on Test and Validation datasets...

 128/5000 [..............................] - ETA: 0s
 512/5000 [==>...........................] - ETA: 0s
 896/5000 [====>.........................] - ETA: 0s
1280/5000 [======>.......................] - ETA: 0s
1664/5000 [========>.....................] - ETA: 0s
2048/5000 [===========>..................] - ETA: 0s
2432/5000 [=============>................] - ETA: 0s
2816/5000 [===============>..............] - ETA: 0s
3200/5000 [==================>...........] - ETA: 0s
3584/5000 [====================>.........] - ETA: 0s
3968/5000 [======================>.......] - ETA: 0s
4352/5000 [=========================>....] - ETA: 0s
4736/5000 [===========================>..] - ETA: 0s
5000/5000 [==============================] - 1s 138us/step
Validation Loss: 0.367
validation Accuracy: 0.928

 128/5000 [..............................] - ETA: 0s
 512/5000 [==>...........................] - ETA: 0s
 896/5000 [====>.........................] - ETA: 0s
1280/5000 [======>.......................] - ETA: 0s
1664/5000 [========>.....................] - ETA: 0s
2048/5000 [===========>..................] - ETA: 0s
2432/5000 [=============>................] - ETA: 0s
2816/5000 [===============>..............] - ETA: 0s
3200/5000 [==================>...........] - ETA: 0s
3584/5000 [====================>.........] - ETA: 0s
3968/5000 [======================>.......] - ETA: 0s
4352/5000 [=========================>....] - ETA: 0s
4736/5000 [===========================>..] - ETA: 0s
5000/5000 [==============================] - 1s 140us/step
Using TensorFlow backend.
Test Loss: 0.338
Test Accuracy: 0.937
              precision    recall  f1-score   support

         top       0.87      0.92      0.89       500
     trouser       1.00      0.98      0.99       500
    pullover       0.90      0.91      0.90       500
       dress       0.93      0.94      0.93       500
        coat       0.90      0.93      0.91       500
      sandal       0.99      0.99      0.99       500
       shirt       0.86      0.77      0.81       500
     sneaker       0.96      0.98      0.97       500
         bag       0.98      0.99      0.99       500
   ankleBoot       0.99      0.96      0.97       500

   micro avg       0.94      0.94      0.94      5000
   macro avg       0.94      0.94      0.94      5000
weighted avg       0.94      0.94      0.94      5000


TRAINING miniGoogleNet FINISHED

