2019-08-28 02:16:46.743908: I tensorflow/core/platform/cpu_feature_guard.cc:141] Your CPU supports instructions that this TensorFlow binary was not compiled to use: AVX512F
2019-08-28 02:16:46.845144: I tensorflow/core/common_runtime/gpu/gpu_device.cc:1432] Found device 0 with properties: 
name: Quadro P6000 major: 6 minor: 1 memoryClockRate(GHz): 1.645
pciBusID: 0000:65:00.0
totalMemory: 23.86GiB freeMemory: 23.01GiB
2019-08-28 02:16:46.845166: I tensorflow/core/common_runtime/gpu/gpu_device.cc:1511] Adding visible gpu devices: 0
2019-08-28 02:16:47.089399: I tensorflow/core/common_runtime/gpu/gpu_device.cc:982] Device interconnect StreamExecutor with strength 1 edge matrix:
2019-08-28 02:16:47.089427: I tensorflow/core/common_runtime/gpu/gpu_device.cc:988]      0 
2019-08-28 02:16:47.089431: I tensorflow/core/common_runtime/gpu/gpu_device.cc:1001] 0:   N 
2019-08-28 02:16:47.089974: I tensorflow/core/common_runtime/gpu/gpu_device.cc:1115] Created TensorFlow device (/job:localhost/replica:0/task:0/device:GPU:0 with 22318 MB memory) -> physical GPU (device: 0, name: Quadro P6000, pci bus id: 0000:65:00.0, compute capability: 6.1)
[INFO] compiling model...
[INFO] training model...
Epoch 1/100
 - 88s - loss: 1.2846 - acc: 0.7664 - val_loss: 0.9363 - val_acc: 0.8570

Epoch 00001: val_loss improved from inf to 0.93633, saving model to keras_model/fmnist/miniResNet/best_chkpt.hdf5
Epoch 2/100
 - 77s - loss: 0.8413 - acc: 0.8622 - val_loss: 0.7809 - val_acc: 0.8535

Epoch 00002: val_loss improved from 0.93633 to 0.78088, saving model to keras_model/fmnist/miniResNet/best_chkpt.hdf5
Epoch 3/100
 - 77s - loss: 0.6976 - acc: 0.8779 - val_loss: 0.6715 - val_acc: 0.8713

Epoch 00003: val_loss improved from 0.78088 to 0.67154, saving model to keras_model/fmnist/miniResNet/best_chkpt.hdf5
Epoch 4/100
 - 78s - loss: 0.6115 - acc: 0.8868 - val_loss: 0.5808 - val_acc: 0.8878

Epoch 00004: val_loss improved from 0.67154 to 0.58085, saving model to keras_model/fmnist/miniResNet/best_chkpt.hdf5
Epoch 5/100
 - 78s - loss: 0.5594 - acc: 0.8913 - val_loss: 0.5329 - val_acc: 0.8979

Epoch 00005: val_loss improved from 0.58085 to 0.53289, saving model to keras_model/fmnist/miniResNet/best_chkpt.hdf5
Epoch 6/100
 - 77s - loss: 0.5239 - acc: 0.8939 - val_loss: 0.5944 - val_acc: 0.8616

Epoch 00006: val_loss did not improve from 0.53289
Epoch 7/100
 - 77s - loss: 0.4893 - acc: 0.8977 - val_loss: 0.5033 - val_acc: 0.8895

Epoch 00007: val_loss improved from 0.53289 to 0.50334, saving model to keras_model/fmnist/miniResNet/best_chkpt.hdf5
Epoch 8/100
 - 77s - loss: 0.4614 - acc: 0.9004 - val_loss: 0.4864 - val_acc: 0.8898

Epoch 00008: val_loss improved from 0.50334 to 0.48635, saving model to keras_model/fmnist/miniResNet/best_chkpt.hdf5
Epoch 9/100
 - 77s - loss: 0.4413 - acc: 0.9030 - val_loss: 0.4554 - val_acc: 0.8930

Epoch 00009: val_loss improved from 0.48635 to 0.45539, saving model to keras_model/fmnist/miniResNet/best_chkpt.hdf5
Epoch 10/100
 - 77s - loss: 0.4254 - acc: 0.9029 - val_loss: 0.4695 - val_acc: 0.8846

Epoch 00010: val_loss did not improve from 0.45539
Epoch 11/100
 - 78s - loss: 0.4069 - acc: 0.9063 - val_loss: 0.5810 - val_acc: 0.8546

Epoch 00011: val_loss did not improve from 0.45539
Epoch 12/100
 - 78s - loss: 0.4001 - acc: 0.9077 - val_loss: 0.4104 - val_acc: 0.9021

Epoch 00012: val_loss improved from 0.45539 to 0.41038, saving model to keras_model/fmnist/miniResNet/best_chkpt.hdf5
Epoch 13/100
 - 77s - loss: 0.3903 - acc: 0.9082 - val_loss: 0.4016 - val_acc: 0.9021

Epoch 00013: val_loss improved from 0.41038 to 0.40157, saving model to keras_model/fmnist/miniResNet/best_chkpt.hdf5
Epoch 14/100
 - 77s - loss: 0.3804 - acc: 0.9102 - val_loss: 0.3711 - val_acc: 0.9118

Epoch 00014: val_loss improved from 0.40157 to 0.37107, saving model to keras_model/fmnist/miniResNet/best_chkpt.hdf5
Epoch 15/100
 - 78s - loss: 0.3716 - acc: 0.9125 - val_loss: 0.3930 - val_acc: 0.9048

Epoch 00015: val_loss did not improve from 0.37107
Epoch 16/100
 - 78s - loss: 0.3641 - acc: 0.9131 - val_loss: 0.4173 - val_acc: 0.8906

Epoch 00016: val_loss did not improve from 0.37107
Epoch 17/100
 - 78s - loss: 0.3650 - acc: 0.9124 - val_loss: 0.3697 - val_acc: 0.9062

Epoch 00017: val_loss improved from 0.37107 to 0.36972, saving model to keras_model/fmnist/miniResNet/best_chkpt.hdf5
Epoch 18/100
 - 77s - loss: 0.3567 - acc: 0.9137 - val_loss: 0.4310 - val_acc: 0.8834

Epoch 00018: val_loss did not improve from 0.36972
Epoch 19/100
 - 77s - loss: 0.3512 - acc: 0.9161 - val_loss: 0.3851 - val_acc: 0.9075

Epoch 00019: val_loss did not improve from 0.36972
Epoch 20/100
 - 77s - loss: 0.3462 - acc: 0.9172 - val_loss: 0.3518 - val_acc: 0.9161

Epoch 00020: val_loss improved from 0.36972 to 0.35182, saving model to keras_model/fmnist/miniResNet/best_chkpt.hdf5
Epoch 21/100
 - 77s - loss: 0.3431 - acc: 0.9175 - val_loss: 0.4319 - val_acc: 0.8869

Epoch 00021: val_loss did not improve from 0.35182
Epoch 22/100
 - 78s - loss: 0.3403 - acc: 0.9193 - val_loss: 0.3985 - val_acc: 0.8998

Epoch 00022: val_loss did not improve from 0.35182
Epoch 23/100
 - 77s - loss: 0.3393 - acc: 0.9178 - val_loss: 0.8160 - val_acc: 0.7796

Epoch 00023: val_loss did not improve from 0.35182
Epoch 24/100
 - 77s - loss: 0.3390 - acc: 0.9186 - val_loss: 0.3811 - val_acc: 0.9024

Epoch 00024: val_loss did not improve from 0.35182
Epoch 25/100
 - 77s - loss: 0.3314 - acc: 0.9204 - val_loss: 0.4263 - val_acc: 0.8836

Epoch 00025: val_loss did not improve from 0.35182
Epoch 26/100
 - 78s - loss: 0.3301 - acc: 0.9218 - val_loss: 0.3507 - val_acc: 0.9188

Epoch 00026: val_loss improved from 0.35182 to 0.35067, saving model to keras_model/fmnist/miniResNet/best_chkpt.hdf5
Epoch 27/100
 - 78s - loss: 0.3278 - acc: 0.9218 - val_loss: 0.4178 - val_acc: 0.8949

Epoch 00027: val_loss did not improve from 0.35067
Epoch 28/100
 - 78s - loss: 0.3240 - acc: 0.9223 - val_loss: 0.3299 - val_acc: 0.9216

Epoch 00028: val_loss improved from 0.35067 to 0.32987, saving model to keras_model/fmnist/miniResNet/best_chkpt.hdf5
Epoch 29/100
 - 77s - loss: 0.3228 - acc: 0.9234 - val_loss: 0.3407 - val_acc: 0.9131

Epoch 00029: val_loss did not improve from 0.32987
Epoch 30/100
 - 78s - loss: 0.3203 - acc: 0.9239 - val_loss: 0.4775 - val_acc: 0.8742

Epoch 00030: val_loss did not improve from 0.32987
Epoch 31/100
 - 77s - loss: 0.3151 - acc: 0.9259 - val_loss: 0.3242 - val_acc: 0.9183

Epoch 00031: val_loss improved from 0.32987 to 0.32417, saving model to keras_model/fmnist/miniResNet/best_chkpt.hdf5
Epoch 32/100
 - 78s - loss: 0.3190 - acc: 0.9234 - val_loss: 0.3219 - val_acc: 0.9276

Epoch 00032: val_loss improved from 0.32417 to 0.32193, saving model to keras_model/fmnist/miniResNet/best_chkpt.hdf5
Epoch 33/100
 - 78s - loss: 0.3147 - acc: 0.9252 - val_loss: 0.4162 - val_acc: 0.8987

Epoch 00033: val_loss did not improve from 0.32193
Epoch 34/100
 - 77s - loss: 0.3071 - acc: 0.9282 - val_loss: 0.3688 - val_acc: 0.9100

Epoch 00034: val_loss did not improve from 0.32193
Epoch 35/100
 - 78s - loss: 0.3109 - acc: 0.9259 - val_loss: 0.3251 - val_acc: 0.9231

Epoch 00035: val_loss did not improve from 0.32193
Epoch 36/100
 - 77s - loss: 0.3086 - acc: 0.9273 - val_loss: 0.3400 - val_acc: 0.9187

Epoch 00036: val_loss did not improve from 0.32193
Epoch 37/100
 - 78s - loss: 0.3017 - acc: 0.9292 - val_loss: 0.3257 - val_acc: 0.9204

Epoch 00037: val_loss did not improve from 0.32193
Epoch 38/100
 - 77s - loss: 0.3021 - acc: 0.9288 - val_loss: 0.3425 - val_acc: 0.9107

Epoch 00038: val_loss did not improve from 0.32193
Epoch 39/100
 - 77s - loss: 0.3032 - acc: 0.9288 - val_loss: 0.3517 - val_acc: 0.9070

Epoch 00039: val_loss did not improve from 0.32193
Epoch 40/100
 - 78s - loss: 0.2953 - acc: 0.9313 - val_loss: 0.3560 - val_acc: 0.9133

Epoch 00040: val_loss did not improve from 0.32193
Epoch 41/100
 - 77s - loss: 0.2937 - acc: 0.9312 - val_loss: 0.3742 - val_acc: 0.9053

Epoch 00041: val_loss did not improve from 0.32193
Epoch 42/100
 - 78s - loss: 0.2920 - acc: 0.9314 - val_loss: 0.3688 - val_acc: 0.9123

Epoch 00042: val_loss did not improve from 0.32193
Epoch 43/100
 - 78s - loss: 0.2922 - acc: 0.9317 - val_loss: 0.3086 - val_acc: 0.9255

Epoch 00043: val_loss improved from 0.32193 to 0.30861, saving model to keras_model/fmnist/miniResNet/best_chkpt.hdf5
Epoch 44/100
 - 77s - loss: 0.2901 - acc: 0.9325 - val_loss: 0.3370 - val_acc: 0.9170

Epoch 00044: val_loss did not improve from 0.30861
Epoch 45/100
 - 77s - loss: 0.2872 - acc: 0.9338 - val_loss: 0.3195 - val_acc: 0.9272

Epoch 00045: val_loss did not improve from 0.30861
Epoch 46/100
 - 77s - loss: 0.2856 - acc: 0.9334 - val_loss: 0.3245 - val_acc: 0.9185

Epoch 00046: val_loss did not improve from 0.30861
Epoch 47/100
 - 78s - loss: 0.2886 - acc: 0.9326 - val_loss: 0.3242 - val_acc: 0.9236

Epoch 00047: val_loss did not improve from 0.30861
Epoch 48/100
 - 78s - loss: 0.2833 - acc: 0.9341 - val_loss: 0.3573 - val_acc: 0.9114

Epoch 00048: val_loss did not improve from 0.30861
Epoch 49/100
 - 77s - loss: 0.2816 - acc: 0.9352 - val_loss: 0.3051 - val_acc: 0.9277

Epoch 00049: val_loss improved from 0.30861 to 0.30510, saving model to keras_model/fmnist/miniResNet/best_chkpt.hdf5
Epoch 50/100
 - 77s - loss: 0.2779 - acc: 0.9359 - val_loss: 0.3384 - val_acc: 0.9202

Epoch 00050: val_loss did not improve from 0.30510
Epoch 51/100
 - 78s - loss: 0.2764 - acc: 0.9359 - val_loss: 0.3165 - val_acc: 0.9209

Epoch 00051: val_loss did not improve from 0.30510
Epoch 52/100
 - 78s - loss: 0.2770 - acc: 0.9369 - val_loss: 0.3213 - val_acc: 0.9219

Epoch 00052: val_loss did not improve from 0.30510
Epoch 53/100
 - 77s - loss: 0.2713 - acc: 0.9384 - val_loss: 0.3053 - val_acc: 0.9234

Epoch 00053: val_loss did not improve from 0.30510
Epoch 54/100
 - 77s - loss: 0.2709 - acc: 0.9383 - val_loss: 0.3007 - val_acc: 0.9275

Epoch 00054: val_loss improved from 0.30510 to 0.30074, saving model to keras_model/fmnist/miniResNet/best_chkpt.hdf5
Epoch 55/100
 - 77s - loss: 0.2664 - acc: 0.9396 - val_loss: 0.3053 - val_acc: 0.9253

Epoch 00055: val_loss did not improve from 0.30074
Epoch 56/100
 - 78s - loss: 0.2671 - acc: 0.9383 - val_loss: 0.3537 - val_acc: 0.9133

Epoch 00056: val_loss did not improve from 0.30074
Epoch 57/100
 - 78s - loss: 0.2646 - acc: 0.9394 - val_loss: 0.3090 - val_acc: 0.9247

Epoch 00057: val_loss did not improve from 0.30074
Epoch 58/100
 - 77s - loss: 0.2588 - acc: 0.9420 - val_loss: 0.3043 - val_acc: 0.9266

Epoch 00058: val_loss did not improve from 0.30074
Epoch 59/100
 - 77s - loss: 0.2590 - acc: 0.9410 - val_loss: 0.3740 - val_acc: 0.9076

Epoch 00059: val_loss did not improve from 0.30074
Epoch 60/100
 - 78s - loss: 0.2578 - acc: 0.9416 - val_loss: 0.2955 - val_acc: 0.9281

Epoch 00060: val_loss improved from 0.30074 to 0.29549, saving model to keras_model/fmnist/miniResNet/best_chkpt.hdf5
Epoch 61/100
 - 77s - loss: 0.2546 - acc: 0.9416 - val_loss: 0.3105 - val_acc: 0.9201

Epoch 00061: val_loss did not improve from 0.29549
Epoch 62/100
 - 78s - loss: 0.2489 - acc: 0.9446 - val_loss: 0.3166 - val_acc: 0.9255

Epoch 00062: val_loss did not improve from 0.29549
Epoch 63/100
 - 78s - loss: 0.2523 - acc: 0.9421 - val_loss: 0.3531 - val_acc: 0.9140

Epoch 00063: val_loss did not improve from 0.29549
Epoch 64/100
 - 78s - loss: 0.2472 - acc: 0.9441 - val_loss: 0.2968 - val_acc: 0.9281

Epoch 00064: val_loss did not improve from 0.29549
Epoch 65/100
 - 77s - loss: 0.2451 - acc: 0.9451 - val_loss: 0.3794 - val_acc: 0.8992

Epoch 00065: val_loss did not improve from 0.29549
Epoch 66/100
 - 78s - loss: 0.2419 - acc: 0.9464 - val_loss: 0.2855 - val_acc: 0.9304

Epoch 00066: val_loss improved from 0.29549 to 0.28546, saving model to keras_model/fmnist/miniResNet/best_chkpt.hdf5
Epoch 67/100
 - 77s - loss: 0.2427 - acc: 0.9451 - val_loss: 0.3001 - val_acc: 0.9253

Epoch 00067: val_loss did not improve from 0.28546
Epoch 68/100
 - 78s - loss: 0.2393 - acc: 0.9462 - val_loss: 0.2800 - val_acc: 0.9328

Epoch 00068: val_loss improved from 0.28546 to 0.28002, saving model to keras_model/fmnist/miniResNet/best_chkpt.hdf5
Epoch 69/100
 - 78s - loss: 0.2362 - acc: 0.9474 - val_loss: 0.3043 - val_acc: 0.9244

Epoch 00069: val_loss did not improve from 0.28002
Epoch 70/100
 - 78s - loss: 0.2343 - acc: 0.9484 - val_loss: 0.3022 - val_acc: 0.9269

Epoch 00070: val_loss did not improve from 0.28002
Epoch 71/100
 - 78s - loss: 0.2315 - acc: 0.9486 - val_loss: 0.3072 - val_acc: 0.9215

Epoch 00071: val_loss did not improve from 0.28002
Epoch 72/100
 - 78s - loss: 0.2294 - acc: 0.9485 - val_loss: 0.2738 - val_acc: 0.9330

Epoch 00072: val_loss improved from 0.28002 to 0.27377, saving model to keras_model/fmnist/miniResNet/best_chkpt.hdf5
Epoch 73/100
 - 77s - loss: 0.2236 - acc: 0.9513 - val_loss: 0.2825 - val_acc: 0.9349

Epoch 00073: val_loss did not improve from 0.27377
Epoch 74/100
 - 77s - loss: 0.2247 - acc: 0.9508 - val_loss: 0.2989 - val_acc: 0.9274

Epoch 00074: val_loss did not improve from 0.27377
Epoch 75/100
 - 78s - loss: 0.2201 - acc: 0.9519 - val_loss: 0.3168 - val_acc: 0.9229

Epoch 00075: val_loss did not improve from 0.27377
Epoch 76/100
 - 77s - loss: 0.2189 - acc: 0.9519 - val_loss: 0.3046 - val_acc: 0.9231

Epoch 00076: val_loss did not improve from 0.27377
Epoch 77/100
 - 77s - loss: 0.2149 - acc: 0.9533 - val_loss: 0.3196 - val_acc: 0.9237

Epoch 00077: val_loss did not improve from 0.27377
Epoch 78/100
 - 78s - loss: 0.2115 - acc: 0.9550 - val_loss: 0.3135 - val_acc: 0.9226

Epoch 00078: val_loss did not improve from 0.27377
Epoch 79/100
 - 77s - loss: 0.2074 - acc: 0.9559 - val_loss: 0.2860 - val_acc: 0.9311

Epoch 00079: val_loss did not improve from 0.27377
Epoch 80/100
 - 78s - loss: 0.2037 - acc: 0.9565 - val_loss: 0.2793 - val_acc: 0.9326

Epoch 00080: val_loss did not improve from 0.27377
Epoch 81/100
 - 77s - loss: 0.2010 - acc: 0.9571 - val_loss: 0.3036 - val_acc: 0.9232

Epoch 00081: val_loss did not improve from 0.27377
Epoch 82/100
 - 78s - loss: 0.2016 - acc: 0.9570 - val_loss: 0.2965 - val_acc: 0.9263

Epoch 00082: val_loss did not improve from 0.27377
Epoch 83/100
 - 77s - loss: 0.1946 - acc: 0.9592 - val_loss: 0.2715 - val_acc: 0.9398

Epoch 00083: val_loss improved from 0.27377 to 0.27146, saving model to keras_model/fmnist/miniResNet/best_chkpt.hdf5
Epoch 84/100
 - 78s - loss: 0.1904 - acc: 0.9602 - val_loss: 0.2754 - val_acc: 0.9381

Epoch 00084: val_loss did not improve from 0.27146
Epoch 85/100
 - 77s - loss: 0.1882 - acc: 0.9614 - val_loss: 0.2802 - val_acc: 0.9330

Epoch 00085: val_loss did not improve from 0.27146
Epoch 86/100
 - 77s - loss: 0.1859 - acc: 0.9627 - val_loss: 0.2981 - val_acc: 0.9333

Epoch 00086: val_loss did not improve from 0.27146
Epoch 87/100
 - 77s - loss: 0.1785 - acc: 0.9638 - val_loss: 0.2792 - val_acc: 0.9347

Epoch 00087: val_loss did not improve from 0.27146
Epoch 88/100
 - 78s - loss: 0.1771 - acc: 0.9649 - val_loss: 0.2838 - val_acc: 0.9331

Epoch 00088: val_loss did not improve from 0.27146
Epoch 89/100
 - 77s - loss: 0.1749 - acc: 0.9644 - val_loss: 0.2740 - val_acc: 0.9342

Epoch 00089: val_loss did not improve from 0.27146
Epoch 90/100
 - 77s - loss: 0.1684 - acc: 0.9677 - val_loss: 0.2981 - val_acc: 0.9311

Epoch 00090: val_loss did not improve from 0.27146
Epoch 91/100
 - 78s - loss: 0.1630 - acc: 0.9684 - val_loss: 0.3183 - val_acc: 0.9290

Epoch 00091: val_loss did not improve from 0.27146
Epoch 92/100
 - 77s - loss: 0.1620 - acc: 0.9686 - val_loss: 0.2781 - val_acc: 0.9375

Epoch 00092: val_loss did not improve from 0.27146
Epoch 93/100
 - 78s - loss: 0.1559 - acc: 0.9713 - val_loss: 0.2677 - val_acc: 0.9382

Epoch 00093: val_loss improved from 0.27146 to 0.26768, saving model to keras_model/fmnist/miniResNet/best_chkpt.hdf5
Epoch 94/100
 - 78s - loss: 0.1479 - acc: 0.9742 - val_loss: 0.2807 - val_acc: 0.9371

Epoch 00094: val_loss did not improve from 0.26768
Epoch 95/100
 - 77s - loss: 0.1434 - acc: 0.9756 - val_loss: 0.2792 - val_acc: 0.9344

Epoch 00095: val_loss did not improve from 0.26768
Epoch 96/100
 - 78s - loss: 0.1383 - acc: 0.9777 - val_loss: 0.2815 - val_acc: 0.9359

Epoch 00096: val_loss did not improve from 0.26768
Epoch 97/100
 - 78s - loss: 0.1343 - acc: 0.9781 - val_loss: 0.2928 - val_acc: 0.9365

Epoch 00097: val_loss did not improve from 0.26768
Epoch 98/100
 - 78s - loss: 0.1282 - acc: 0.9805 - val_loss: 0.2784 - val_acc: 0.9357

Epoch 00098: val_loss did not improve from 0.26768
Epoch 99/100
 - 78s - loss: 0.1259 - acc: 0.9814 - val_loss: 0.2772 - val_acc: 0.9404

Epoch 00099: val_loss did not improve from 0.26768
Epoch 100/100
 - 78s - loss: 0.1210 - acc: 0.9834 - val_loss: 0.2921 - val_acc: 0.9369

Epoch 00100: val_loss did not improve from 0.26768


Elapsed time for Keras training (s):  7791.846023


[INFO] evaluating network on Test and Validation datasets...

 128/5000 [..............................] - ETA: 1s
 384/5000 [=>............................] - ETA: 1s
 640/5000 [==>...........................] - ETA: 1s
 896/5000 [====>.........................] - ETA: 1s
1152/5000 [=====>........................] - ETA: 1s
1408/5000 [=======>......................] - ETA: 1s
1664/5000 [========>.....................] - ETA: 1s
1920/5000 [==========>...................] - ETA: 0s
2176/5000 [============>.................] - ETA: 0s
2432/5000 [=============>................] - ETA: 0s
2688/5000 [===============>..............] - ETA: 0s
2944/5000 [================>.............] - ETA: 0s
3200/5000 [==================>...........] - ETA: 0s
3456/5000 [===================>..........] - ETA: 0s
3712/5000 [=====================>........] - ETA: 0s
3968/5000 [======================>.......] - ETA: 0s
4224/5000 [========================>.....] - ETA: 0s
4480/5000 [=========================>....] - ETA: 0s
4736/5000 [===========================>..] - ETA: 0s
4992/5000 [============================>.] - ETA: 0s
5000/5000 [==============================] - 2s 319us/step
Validation Loss: 0.279
validation Accuracy: 0.938

 128/5000 [..............................] - ETA: 1s
 384/5000 [=>............................] - ETA: 1s
 640/5000 [==>...........................] - ETA: 1s
 896/5000 [====>.........................] - ETA: 1s
1152/5000 [=====>........................] - ETA: 1s
1408/5000 [=======>......................] - ETA: 1s
1664/5000 [========>.....................] - ETA: 1s
1920/5000 [==========>...................] - ETA: 0s
2176/5000 [============>.................] - ETA: 0s
2432/5000 [=============>................] - ETA: 0s
2688/5000 [===============>..............] - ETA: 0s
2944/5000 [================>.............] - ETA: 0s
3200/5000 [==================>...........] - ETA: 0s
3456/5000 [===================>..........] - ETA: 0s
3712/5000 [=====================>........] - ETA: 0s
3968/5000 [======================>.......] - ETA: 0s
4224/5000 [========================>.....] - ETA: 0s
4480/5000 [=========================>....] - ETA: 0s
4736/5000 [===========================>..] - ETA: 0s
4992/5000 [============================>.] - ETA: 0s
5000/5000 [==============================] - 2s 320us/step
Using TensorFlow backend.
Test Loss: 0.254
Test Accuracy: 0.949
              precision    recall  f1-score   support

         top       0.91      0.89      0.90       500
     trouser       0.99      0.99      0.99       500
    pullover       0.95      0.91      0.93       500
       dress       0.97      0.91      0.94       500
        coat       0.94      0.96      0.95       500
      sandal       0.98      0.99      0.99       500
       shirt       0.81      0.88      0.85       500
     sneaker       0.98      0.97      0.97       500
         bag       0.99      1.00      1.00       500
   ankleBoot       0.97      0.97      0.97       500

   micro avg       0.95      0.95      0.95      5000
   macro avg       0.95      0.95      0.95      5000
weighted avg       0.95      0.95      0.95      5000


TRAINING miniResNet FINISHED

