2019-07-10 21:00:09.572408: I tensorflow/core/platform/cpu_feature_guard.cc:141] Your CPU supports instructions that this TensorFlow binary was not compiled to use: AVX512F
2019-07-10 21:00:09.658046: I tensorflow/core/common_runtime/gpu/gpu_device.cc:1392] Found device 0 with properties: 
name: Quadro P6000 major: 6 minor: 1 memoryClockRate(GHz): 1.645
pciBusID: 0000:65:00.0
totalMemory: 23.86GiB freeMemory: 23.18GiB
2019-07-10 21:00:09.658067: I tensorflow/core/common_runtime/gpu/gpu_device.cc:1471] Adding visible gpu devices: 0
2019-07-10 21:00:09.877951: I tensorflow/core/common_runtime/gpu/gpu_device.cc:952] Device interconnect StreamExecutor with strength 1 edge matrix:
2019-07-10 21:00:09.877981: I tensorflow/core/common_runtime/gpu/gpu_device.cc:958]      0 
2019-07-10 21:00:09.877985: I tensorflow/core/common_runtime/gpu/gpu_device.cc:971] 0:   N 
2019-07-10 21:00:09.878510: I tensorflow/core/common_runtime/gpu/gpu_device.cc:1084] Created TensorFlow device (/job:localhost/replica:0/task:0/device:GPU:0 with 22493 MB memory) -> physical GPU (device: 0, name: Quadro P6000, pci bus id: 0000:65:00.0, compute capability: 6.1)
[INFO] compiling model...
[INFO] training model...
Epoch 1/25
 - 30s - loss: 0.4910 - acc: 0.8613 - val_loss: 0.3764 - val_acc: 0.9030

Epoch 00001: val_loss improved from inf to 0.37636, saving model to keras_model/fmnist/miniVggNet/best_chkpt.hdf5
Epoch 2/25
 - 28s - loss: 0.3656 - acc: 0.9054 - val_loss: 0.3341 - val_acc: 0.9177

Epoch 00002: val_loss improved from 0.37636 to 0.33411, saving model to keras_model/fmnist/miniVggNet/best_chkpt.hdf5
Epoch 3/25
 - 28s - loss: 0.3312 - acc: 0.9166 - val_loss: 0.3204 - val_acc: 0.9238

Epoch 00003: val_loss improved from 0.33411 to 0.32041, saving model to keras_model/fmnist/miniVggNet/best_chkpt.hdf5
Epoch 4/25
 - 28s - loss: 0.3128 - acc: 0.9233 - val_loss: 0.3135 - val_acc: 0.9239

Epoch 00004: val_loss improved from 0.32041 to 0.31346, saving model to keras_model/fmnist/miniVggNet/best_chkpt.hdf5
Epoch 5/25
 - 28s - loss: 0.2994 - acc: 0.9274 - val_loss: 0.3062 - val_acc: 0.9288

Epoch 00005: val_loss improved from 0.31346 to 0.30618, saving model to keras_model/fmnist/miniVggNet/best_chkpt.hdf5
Epoch 6/25
 - 28s - loss: 0.2876 - acc: 0.9314 - val_loss: 0.2946 - val_acc: 0.9307

Epoch 00006: val_loss improved from 0.30618 to 0.29458, saving model to keras_model/fmnist/miniVggNet/best_chkpt.hdf5
Epoch 7/25
 - 28s - loss: 0.2793 - acc: 0.9339 - val_loss: 0.2877 - val_acc: 0.9339

Epoch 00007: val_loss improved from 0.29458 to 0.28771, saving model to keras_model/fmnist/miniVggNet/best_chkpt.hdf5
Epoch 8/25
 - 28s - loss: 0.2715 - acc: 0.9369 - val_loss: 0.2884 - val_acc: 0.9348

Epoch 00008: val_loss did not improve from 0.28771
Epoch 9/25
 - 28s - loss: 0.2668 - acc: 0.9373 - val_loss: 0.2857 - val_acc: 0.9328

Epoch 00009: val_loss improved from 0.28771 to 0.28572, saving model to keras_model/fmnist/miniVggNet/best_chkpt.hdf5
Epoch 10/25
 - 28s - loss: 0.2600 - acc: 0.9390 - val_loss: 0.2842 - val_acc: 0.9348

Epoch 00010: val_loss improved from 0.28572 to 0.28424, saving model to keras_model/fmnist/miniVggNet/best_chkpt.hdf5
Epoch 11/25
 - 28s - loss: 0.2554 - acc: 0.9414 - val_loss: 0.2791 - val_acc: 0.9369

Epoch 00011: val_loss improved from 0.28424 to 0.27910, saving model to keras_model/fmnist/miniVggNet/best_chkpt.hdf5
Epoch 12/25
 - 28s - loss: 0.2526 - acc: 0.9424 - val_loss: 0.2838 - val_acc: 0.9352

Epoch 00012: val_loss did not improve from 0.27910
Epoch 13/25
 - 28s - loss: 0.2483 - acc: 0.9434 - val_loss: 0.2718 - val_acc: 0.9387

Epoch 00013: val_loss improved from 0.27910 to 0.27175, saving model to keras_model/fmnist/miniVggNet/best_chkpt.hdf5
Epoch 14/25
 - 28s - loss: 0.2440 - acc: 0.9449 - val_loss: 0.2719 - val_acc: 0.9373

Epoch 00014: val_loss did not improve from 0.27175
Epoch 15/25
 - 28s - loss: 0.2409 - acc: 0.9456 - val_loss: 0.2755 - val_acc: 0.9358

Epoch 00015: val_loss did not improve from 0.27175
Epoch 16/25
 - 28s - loss: 0.2394 - acc: 0.9466 - val_loss: 0.2699 - val_acc: 0.9366

Epoch 00016: val_loss improved from 0.27175 to 0.26993, saving model to keras_model/fmnist/miniVggNet/best_chkpt.hdf5
Epoch 17/25
 - 28s - loss: 0.2356 - acc: 0.9477 - val_loss: 0.2767 - val_acc: 0.9384

Epoch 00017: val_loss did not improve from 0.26993
Epoch 18/25
 - 28s - loss: 0.2326 - acc: 0.9485 - val_loss: 0.2655 - val_acc: 0.9392

Epoch 00018: val_loss improved from 0.26993 to 0.26552, saving model to keras_model/fmnist/miniVggNet/best_chkpt.hdf5
Epoch 19/25
 - 28s - loss: 0.2300 - acc: 0.9487 - val_loss: 0.2729 - val_acc: 0.9388

Epoch 00019: val_loss did not improve from 0.26552
Epoch 20/25
 - 28s - loss: 0.2288 - acc: 0.9498 - val_loss: 0.2684 - val_acc: 0.9403

Epoch 00020: val_loss did not improve from 0.26552
Epoch 21/25
 - 28s - loss: 0.2255 - acc: 0.9506 - val_loss: 0.2678 - val_acc: 0.9385

Epoch 00021: val_loss did not improve from 0.26552
Epoch 22/25
 - 28s - loss: 0.2236 - acc: 0.9508 - val_loss: 0.2692 - val_acc: 0.9384

Epoch 00022: val_loss did not improve from 0.26552
Epoch 23/25
 - 28s - loss: 0.2222 - acc: 0.9512 - val_loss: 0.2670 - val_acc: 0.9398

Epoch 00023: val_loss did not improve from 0.26552
Epoch 24/25
 - 28s - loss: 0.2205 - acc: 0.9520 - val_loss: 0.2680 - val_acc: 0.9403

Epoch 00024: val_loss did not improve from 0.26552
Epoch 25/25
 - 28s - loss: 0.2170 - acc: 0.9529 - val_loss: 0.2653 - val_acc: 0.9404

Epoch 00025: val_loss improved from 0.26552 to 0.26525, saving model to keras_model/fmnist/miniVggNet/best_chkpt.hdf5


Elapsed time for Keras training (s):  706.27197


[INFO] evaluating network on Test and Validation datasets...

  64/5000 [..............................] - ETA: 0s
1152/5000 [=====>........................] - ETA: 0s
2176/5000 [============>.................] - ETA: 0s
3072/5000 [=================>............] - ETA: 0s
3968/5000 [======================>.......] - ETA: 0s
4864/5000 [============================>.] - ETA: 0s
5000/5000 [==============================] - 0s 55us/step
Validation Loss: 0.266
validation Accuracy: 0.941

  64/5000 [..............................] - ETA: 0s
 960/5000 [====>.........................] - ETA: 0s
1856/5000 [==========>...................] - ETA: 0s
2752/5000 [===============>..............] - ETA: 0s
3584/5000 [====================>.........] - ETA: 0s
4416/5000 [=========================>....] - ETA: 0s
5000/5000 [==============================] - 0s 61us/step
Using TensorFlow backend.
Test Loss: 0.255
Test Accuracy: 0.939
              precision    recall  f1-score   support

         top       0.89      0.88      0.89       500
     trouser       0.99      0.99      0.99       500
    pullover       0.92      0.93      0.92       500
       dress       0.94      0.95      0.94       500
        coat       0.90      0.93      0.91       500
      sandal       1.00      0.99      0.99       500
       shirt       0.82      0.78      0.80       500
     sneaker       0.96      0.99      0.97       500
         bag       0.99      0.99      0.99       500
   ankleBoot       0.98      0.96      0.97       500

   micro avg       0.94      0.94      0.94      5000
   macro avg       0.94      0.94      0.94      5000
weighted avg       0.94      0.94      0.94      5000


TRAINING miniVggNet FINISHED

