Optimizing fused batch norm node name: "batch_normalization_18/FusedBatchNorm_1"
op: "FusedBatchNorm"
input: "conv2d_18/BiasAdd"
input: "batch_normalization_18/gamma"
input: "batch_normalization_18/beta"
input: "batch_normalization_18/moving_mean"
input: "batch_normalization_18/moving_variance"
device: "/job:localhost/replica:0/task:0/device:GPU:0"
attr {
  key: "T"
  value {
    type: DT_FLOAT
  }
}
attr {
  key: "data_format"
  value {
    s: "NHWC"
  }
}
attr {
  key: "epsilon"
  value {
    f: 0.001
  }
}
attr {
  key: "is_training"
  value {
    b: false
  }
}

Optimizing fused batch norm node name: "batch_normalization_16/FusedBatchNorm_1"
op: "FusedBatchNorm"
input: "conv2d_16/BiasAdd"
input: "batch_normalization_16/gamma"
input: "batch_normalization_16/beta"
input: "batch_normalization_16/moving_mean"
input: "batch_normalization_16/moving_variance"
device: "/job:localhost/replica:0/task:0/device:GPU:0"
attr {
  key: "T"
  value {
    type: DT_FLOAT
  }
}
attr {
  key: "data_format"
  value {
    s: "NHWC"
  }
}
attr {
  key: "epsilon"
  value {
    f: 0.001
  }
}
attr {
  key: "is_training"
  value {
    b: false
  }
}

Optimizing fused batch norm node name: "batch_normalization_15/FusedBatchNorm_1"
op: "FusedBatchNorm"
input: "conv2d_15/BiasAdd"
input: "batch_normalization_15/gamma"
input: "batch_normalization_15/beta"
input: "batch_normalization_15/moving_mean"
input: "batch_normalization_15/moving_variance"
device: "/job:localhost/replica:0/task:0/device:GPU:0"
attr {
  key: "T"
  value {
    type: DT_FLOAT
  }
}
attr {
  key: "data_format"
  value {
    s: "NHWC"
  }
}
attr {
  key: "epsilon"
  value {
    f: 0.001
  }
}
attr {
  key: "is_training"
  value {
    b: false
  }
}

Optimizing fused batch norm node name: "batch_normalization_13/FusedBatchNorm_1"
op: "FusedBatchNorm"
input: "conv2d_13/BiasAdd"
input: "batch_normalization_13/gamma"
input: "batch_normalization_13/beta"
input: "batch_normalization_13/moving_mean"
input: "batch_normalization_13/moving_variance"
device: "/job:localhost/replica:0/task:0/device:GPU:0"
attr {
  key: "T"
  value {
    type: DT_FLOAT
  }
}
attr {
  key: "data_format"
  value {
    s: "NHWC"
  }
}
attr {
  key: "epsilon"
  value {
    f: 0.001
  }
}
attr {
  key: "is_training"
  value {
    b: false
  }
}

Optimizing fused batch norm node name: "batch_normalization_11/FusedBatchNorm_1"
op: "FusedBatchNorm"
input: "conv2d_11/BiasAdd"
input: "batch_normalization_11/gamma"
input: "batch_normalization_11/beta"
input: "batch_normalization_11/moving_mean"
input: "batch_normalization_11/moving_variance"
device: "/job:localhost/replica:0/task:0/device:GPU:0"
attr {
  key: "T"
  value {
    type: DT_FLOAT
  }
}
attr {
  key: "data_format"
  value {
    s: "NHWC"
  }
}
attr {
  key: "epsilon"
  value {
    f: 0.001
  }
}
attr {
  key: "is_training"
  value {
    b: false
  }
}

Optimizing fused batch norm node name: "batch_normalization_9/FusedBatchNorm_1"
op: "FusedBatchNorm"
input: "conv2d_9/BiasAdd"
input: "batch_normalization_9/gamma"
input: "batch_normalization_9/beta"
input: "batch_normalization_9/moving_mean"
input: "batch_normalization_9/moving_variance"
device: "/job:localhost/replica:0/task:0/device:GPU:0"
attr {
  key: "T"
  value {
    type: DT_FLOAT
  }
}
attr {
  key: "data_format"
  value {
    s: "NHWC"
  }
}
attr {
  key: "epsilon"
  value {
    f: 0.001
  }
}
attr {
  key: "is_training"
  value {
    b: false
  }
}

Optimizing fused batch norm node name: "batch_normalization_7/FusedBatchNorm_1"
op: "FusedBatchNorm"
input: "conv2d_7/BiasAdd"
input: "batch_normalization_7/gamma"
input: "batch_normalization_7/beta"
input: "batch_normalization_7/moving_mean"
input: "batch_normalization_7/moving_variance"
device: "/job:localhost/replica:0/task:0/device:GPU:0"
attr {
  key: "T"
  value {
    type: DT_FLOAT
  }
}
attr {
  key: "data_format"
  value {
    s: "NHWC"
  }
}
attr {
  key: "epsilon"
  value {
    f: 0.001
  }
}
attr {
  key: "is_training"
  value {
    b: false
  }
}

Optimizing fused batch norm node name: "batch_normalization_6/FusedBatchNorm_1"
op: "FusedBatchNorm"
input: "conv2d_6/BiasAdd"
input: "batch_normalization_6/gamma"
input: "batch_normalization_6/beta"
input: "batch_normalization_6/moving_mean"
input: "batch_normalization_6/moving_variance"
device: "/job:localhost/replica:0/task:0/device:GPU:0"
attr {
  key: "T"
  value {
    type: DT_FLOAT
  }
}
attr {
  key: "data_format"
  value {
    s: "NHWC"
  }
}
attr {
  key: "epsilon"
  value {
    f: 0.001
  }
}
attr {
  key: "is_training"
  value {
    b: false
  }
}

Optimizing fused batch norm node name: "batch_normalization_4/FusedBatchNorm_1"
op: "FusedBatchNorm"
input: "conv2d_4/BiasAdd"
input: "batch_normalization_4/gamma"
input: "batch_normalization_4/beta"
input: "batch_normalization_4/moving_mean"
input: "batch_normalization_4/moving_variance"
device: "/job:localhost/replica:0/task:0/device:GPU:0"
attr {
  key: "T"
  value {
    type: DT_FLOAT
  }
}
attr {
  key: "data_format"
  value {
    s: "NHWC"
  }
}
attr {
  key: "epsilon"
  value {
    f: 0.001
  }
}
attr {
  key: "is_training"
  value {
    b: false
  }
}

Optimizing fused batch norm node name: "batch_normalization_2/FusedBatchNorm_1"
op: "FusedBatchNorm"
input: "conv2d_2/BiasAdd"
input: "batch_normalization_2/gamma"
input: "batch_normalization_2/beta"
input: "batch_normalization_2/moving_mean"
input: "batch_normalization_2/moving_variance"
device: "/job:localhost/replica:0/task:0/device:GPU:0"
attr {
  key: "T"
  value {
    type: DT_FLOAT
  }
}
attr {
  key: "data_format"
  value {
    s: "NHWC"
  }
}
attr {
  key: "epsilon"
  value {
    f: 0.001
  }
}
attr {
  key: "is_training"
  value {
    b: false
  }
}

Optimizing fused batch norm node name: "batch_normalization_1/FusedBatchNorm_1"
op: "FusedBatchNorm"
input: "conv2d_1/BiasAdd"
input: "batch_normalization_1/gamma"
input: "batch_normalization_1/beta"
input: "batch_normalization_1/moving_mean"
input: "batch_normalization_1/moving_variance"
device: "/job:localhost/replica:0/task:0/device:GPU:0"
attr {
  key: "T"
  value {
    type: DT_FLOAT
  }
}
attr {
  key: "data_format"
  value {
    s: "NHWC"
  }
}
attr {
  key: "epsilon"
  value {
    f: 0.001
  }
}
attr {
  key: "is_training"
  value {
    b: false
  }
}

Optimizing fused batch norm node name: "batch_normalization_3/FusedBatchNorm_1"
op: "FusedBatchNorm"
input: "conv2d_3/BiasAdd"
input: "batch_normalization_3/gamma"
input: "batch_normalization_3/beta"
input: "batch_normalization_3/moving_mean"
input: "batch_normalization_3/moving_variance"
device: "/job:localhost/replica:0/task:0/device:GPU:0"
attr {
  key: "T"
  value {
    type: DT_FLOAT
  }
}
attr {
  key: "data_format"
  value {
    s: "NHWC"
  }
}
attr {
  key: "epsilon"
  value {
    f: 0.001
  }
}
attr {
  key: "is_training"
  value {
    b: false
  }
}

Optimizing fused batch norm node name: "batch_normalization_5/FusedBatchNorm_1"
op: "FusedBatchNorm"
input: "conv2d_5/BiasAdd"
input: "batch_normalization_5/gamma"
input: "batch_normalization_5/beta"
input: "batch_normalization_5/moving_mean"
input: "batch_normalization_5/moving_variance"
device: "/job:localhost/replica:0/task:0/device:GPU:0"
attr {
  key: "T"
  value {
    type: DT_FLOAT
  }
}
attr {
  key: "data_format"
  value {
    s: "NHWC"
  }
}
attr {
  key: "epsilon"
  value {
    f: 0.001
  }
}
attr {
  key: "is_training"
  value {
    b: false
  }
}

Optimizing fused batch norm node name: "batch_normalization_8/FusedBatchNorm_1"
op: "FusedBatchNorm"
input: "conv2d_8/BiasAdd"
input: "batch_normalization_8/gamma"
input: "batch_normalization_8/beta"
input: "batch_normalization_8/moving_mean"
input: "batch_normalization_8/moving_variance"
device: "/job:localhost/replica:0/task:0/device:GPU:0"
attr {
  key: "T"
  value {
    type: DT_FLOAT
  }
}
attr {
  key: "data_format"
  value {
    s: "NHWC"
  }
}
attr {
  key: "epsilon"
  value {
    f: 0.001
  }
}
attr {
  key: "is_training"
  value {
    b: false
  }
}

Optimizing fused batch norm node name: "batch_normalization_10/FusedBatchNorm_1"
op: "FusedBatchNorm"
input: "conv2d_10/BiasAdd"
input: "batch_normalization_10/gamma"
input: "batch_normalization_10/beta"
input: "batch_normalization_10/moving_mean"
input: "batch_normalization_10/moving_variance"
device: "/job:localhost/replica:0/task:0/device:GPU:0"
attr {
  key: "T"
  value {
    type: DT_FLOAT
  }
}
attr {
  key: "data_format"
  value {
    s: "NHWC"
  }
}
attr {
  key: "epsilon"
  value {
    f: 0.001
  }
}
attr {
  key: "is_training"
  value {
    b: false
  }
}

Optimizing fused batch norm node name: "batch_normalization_12/FusedBatchNorm_1"
op: "FusedBatchNorm"
input: "conv2d_12/BiasAdd"
input: "batch_normalization_12/gamma"
input: "batch_normalization_12/beta"
input: "batch_normalization_12/moving_mean"
input: "batch_normalization_12/moving_variance"
device: "/job:localhost/replica:0/task:0/device:GPU:0"
attr {
  key: "T"
  value {
    type: DT_FLOAT
  }
}
attr {
  key: "data_format"
  value {
    s: "NHWC"
  }
}
attr {
  key: "epsilon"
  value {
    f: 0.001
  }
}
attr {
  key: "is_training"
  value {
    b: false
  }
}

Optimizing fused batch norm node name: "batch_normalization_14/FusedBatchNorm_1"
op: "FusedBatchNorm"
input: "conv2d_14/BiasAdd"
input: "batch_normalization_14/gamma"
input: "batch_normalization_14/beta"
input: "batch_normalization_14/moving_mean"
input: "batch_normalization_14/moving_variance"
device: "/job:localhost/replica:0/task:0/device:GPU:0"
attr {
  key: "T"
  value {
    type: DT_FLOAT
  }
}
attr {
  key: "data_format"
  value {
    s: "NHWC"
  }
}
attr {
  key: "epsilon"
  value {
    f: 0.001
  }
}
attr {
  key: "is_training"
  value {
    b: false
  }
}

Optimizing fused batch norm node name: "batch_normalization_17/FusedBatchNorm_1"
op: "FusedBatchNorm"
input: "conv2d_17/BiasAdd"
input: "batch_normalization_17/gamma"
input: "batch_normalization_17/beta"
input: "batch_normalization_17/moving_mean"
input: "batch_normalization_17/moving_variance"
device: "/job:localhost/replica:0/task:0/device:GPU:0"
attr {
  key: "T"
  value {
    type: DT_FLOAT
  }
}
attr {
  key: "data_format"
  value {
    s: "NHWC"
  }
}
attr {
  key: "epsilon"
  value {
    f: 0.001
  }
}
attr {
  key: "is_training"
  value {
    b: false
  }
}

Optimizing fused batch norm node name: "batch_normalization_19/FusedBatchNorm_1"
op: "FusedBatchNorm"
input: "conv2d_19/BiasAdd"
input: "batch_normalization_19/gamma"
input: "batch_normalization_19/beta"
input: "batch_normalization_19/moving_mean"
input: "batch_normalization_19/moving_variance"
device: "/job:localhost/replica:0/task:0/device:GPU:0"
attr {
  key: "T"
  value {
    type: DT_FLOAT
  }
}
attr {
  key: "data_format"
  value {
    s: "NHWC"
  }
}
attr {
  key: "epsilon"
  value {
    f: 0.001
  }
}
attr {
  key: "is_training"
  value {
    b: false
  }
}

Optimizing fused batch norm node name: "batch_normalization_18/FusedBatchNorm_1"
op: "FusedBatchNorm"
input: "conv2d_18/BiasAdd"
input: "batch_normalization_18/gamma"
input: "batch_normalization_18/beta"
input: "batch_normalization_18/moving_mean"
input: "batch_normalization_18/moving_variance"
device: "/job:localhost/replica:0/task:0/device:GPU:0"
attr {
  key: "T"
  value {
    type: DT_FLOAT
  }
}
attr {
  key: "data_format"
  value {
    s: "NHWC"
  }
}
attr {
  key: "epsilon"
  value {
    f: 0.001
  }
}
attr {
  key: "is_training"
  value {
    b: false
  }
}

Optimizing fused batch norm node name: "batch_normalization_16/FusedBatchNorm_1"
op: "FusedBatchNorm"
input: "conv2d_16/BiasAdd"
input: "batch_normalization_16/gamma"
input: "batch_normalization_16/beta"
input: "batch_normalization_16/moving_mean"
input: "batch_normalization_16/moving_variance"
device: "/job:localhost/replica:0/task:0/device:GPU:0"
attr {
  key: "T"
  value {
    type: DT_FLOAT
  }
}
attr {
  key: "data_format"
  value {
    s: "NHWC"
  }
}
attr {
  key: "epsilon"
  value {
    f: 0.001
  }
}
attr {
  key: "is_training"
  value {
    b: false
  }
}

Optimizing fused batch norm node name: "batch_normalization_15/FusedBatchNorm_1"
op: "FusedBatchNorm"
input: "conv2d_15/BiasAdd"
input: "batch_normalization_15/gamma"
input: "batch_normalization_15/beta"
input: "batch_normalization_15/moving_mean"
input: "batch_normalization_15/moving_variance"
device: "/job:localhost/replica:0/task:0/device:GPU:0"
attr {
  key: "T"
  value {
    type: DT_FLOAT
  }
}
attr {
  key: "data_format"
  value {
    s: "NHWC"
  }
}
attr {
  key: "epsilon"
  value {
    f: 0.001
  }
}
attr {
  key: "is_training"
  value {
    b: false
  }
}

Optimizing fused batch norm node name: "batch_normalization_13/FusedBatchNorm_1"
op: "FusedBatchNorm"
input: "conv2d_13/BiasAdd"
input: "batch_normalization_13/gamma"
input: "batch_normalization_13/beta"
input: "batch_normalization_13/moving_mean"
input: "batch_normalization_13/moving_variance"
device: "/job:localhost/replica:0/task:0/device:GPU:0"
attr {
  key: "T"
  value {
    type: DT_FLOAT
  }
}
attr {
  key: "data_format"
  value {
    s: "NHWC"
  }
}
attr {
  key: "epsilon"
  value {
    f: 0.001
  }
}
attr {
  key: "is_training"
  value {
    b: false
  }
}

Optimizing fused batch norm node name: "batch_normalization_11/FusedBatchNorm_1"
op: "FusedBatchNorm"
input: "conv2d_11/BiasAdd"
input: "batch_normalization_11/gamma"
input: "batch_normalization_11/beta"
input: "batch_normalization_11/moving_mean"
input: "batch_normalization_11/moving_variance"
device: "/job:localhost/replica:0/task:0/device:GPU:0"
attr {
  key: "T"
  value {
    type: DT_FLOAT
  }
}
attr {
  key: "data_format"
  value {
    s: "NHWC"
  }
}
attr {
  key: "epsilon"
  value {
    f: 0.001
  }
}
attr {
  key: "is_training"
  value {
    b: false
  }
}

Optimizing fused batch norm node name: "batch_normalization_9/FusedBatchNorm_1"
op: "FusedBatchNorm"
input: "conv2d_9/BiasAdd"
input: "batch_normalization_9/gamma"
input: "batch_normalization_9/beta"
input: "batch_normalization_9/moving_mean"
input: "batch_normalization_9/moving_variance"
device: "/job:localhost/replica:0/task:0/device:GPU:0"
attr {
  key: "T"
  value {
    type: DT_FLOAT
  }
}
attr {
  key: "data_format"
  value {
    s: "NHWC"
  }
}
attr {
  key: "epsilon"
  value {
    f: 0.001
  }
}
attr {
  key: "is_training"
  value {
    b: false
  }
}

Optimizing fused batch norm node name: "batch_normalization_7/FusedBatchNorm_1"
op: "FusedBatchNorm"
input: "conv2d_7/BiasAdd"
input: "batch_normalization_7/gamma"
input: "batch_normalization_7/beta"
input: "batch_normalization_7/moving_mean"
input: "batch_normalization_7/moving_variance"
device: "/job:localhost/replica:0/task:0/device:GPU:0"
attr {
  key: "T"
  value {
    type: DT_FLOAT
  }
}
attr {
  key: "data_format"
  value {
    s: "NHWC"
  }
}
attr {
  key: "epsilon"
  value {
    f: 0.001
  }
}
attr {
  key: "is_training"
  value {
    b: false
  }
}

Optimizing fused batch norm node name: "batch_normalization_6/FusedBatchNorm_1"
op: "FusedBatchNorm"
input: "conv2d_6/BiasAdd"
input: "batch_normalization_6/gamma"
input: "batch_normalization_6/beta"
input: "batch_normalization_6/moving_mean"
input: "batch_normalization_6/moving_variance"
device: "/job:localhost/replica:0/task:0/device:GPU:0"
attr {
  key: "T"
  value {
    type: DT_FLOAT
  }
}
attr {
  key: "data_format"
  value {
    s: "NHWC"
  }
}
attr {
  key: "epsilon"
  value {
    f: 0.001
  }
}
attr {
  key: "is_training"
  value {
    b: false
  }
}

Optimizing fused batch norm node name: "batch_normalization_4/FusedBatchNorm_1"
op: "FusedBatchNorm"
input: "conv2d_4/BiasAdd"
input: "batch_normalization_4/gamma"
input: "batch_normalization_4/beta"
input: "batch_normalization_4/moving_mean"
input: "batch_normalization_4/moving_variance"
device: "/job:localhost/replica:0/task:0/device:GPU:0"
attr {
  key: "T"
  value {
    type: DT_FLOAT
  }
}
attr {
  key: "data_format"
  value {
    s: "NHWC"
  }
}
attr {
  key: "epsilon"
  value {
    f: 0.001
  }
}
attr {
  key: "is_training"
  value {
    b: false
  }
}

Optimizing fused batch norm node name: "batch_normalization_2/FusedBatchNorm_1"
op: "FusedBatchNorm"
input: "conv2d_2/BiasAdd"
input: "batch_normalization_2/gamma"
input: "batch_normalization_2/beta"
input: "batch_normalization_2/moving_mean"
input: "batch_normalization_2/moving_variance"
device: "/job:localhost/replica:0/task:0/device:GPU:0"
attr {
  key: "T"
  value {
    type: DT_FLOAT
  }
}
attr {
  key: "data_format"
  value {
    s: "NHWC"
  }
}
attr {
  key: "epsilon"
  value {
    f: 0.001
  }
}
attr {
  key: "is_training"
  value {
    b: false
  }
}

Optimizing fused batch norm node name: "batch_normalization_1/FusedBatchNorm_1"
op: "FusedBatchNorm"
input: "conv2d_1/BiasAdd"
input: "batch_normalization_1/gamma"
input: "batch_normalization_1/beta"
input: "batch_normalization_1/moving_mean"
input: "batch_normalization_1/moving_variance"
device: "/job:localhost/replica:0/task:0/device:GPU:0"
attr {
  key: "T"
  value {
    type: DT_FLOAT
  }
}
attr {
  key: "data_format"
  value {
    s: "NHWC"
  }
}
attr {
  key: "epsilon"
  value {
    f: 0.001
  }
}
attr {
  key: "is_training"
  value {
    b: false
  }
}

Optimizing fused batch norm node name: "batch_normalization_3/FusedBatchNorm_1"
op: "FusedBatchNorm"
input: "conv2d_3/BiasAdd"
input: "batch_normalization_3/gamma"
input: "batch_normalization_3/beta"
input: "batch_normalization_3/moving_mean"
input: "batch_normalization_3/moving_variance"
device: "/job:localhost/replica:0/task:0/device:GPU:0"
attr {
  key: "T"
  value {
    type: DT_FLOAT
  }
}
attr {
  key: "data_format"
  value {
    s: "NHWC"
  }
}
attr {
  key: "epsilon"
  value {
    f: 0.001
  }
}
attr {
  key: "is_training"
  value {
    b: false
  }
}

Optimizing fused batch norm node name: "batch_normalization_5/FusedBatchNorm_1"
op: "FusedBatchNorm"
input: "conv2d_5/BiasAdd"
input: "batch_normalization_5/gamma"
input: "batch_normalization_5/beta"
input: "batch_normalization_5/moving_mean"
input: "batch_normalization_5/moving_variance"
device: "/job:localhost/replica:0/task:0/device:GPU:0"
attr {
  key: "T"
  value {
    type: DT_FLOAT
  }
}
attr {
  key: "data_format"
  value {
    s: "NHWC"
  }
}
attr {
  key: "epsilon"
  value {
    f: 0.001
  }
}
attr {
  key: "is_training"
  value {
    b: false
  }
}

Optimizing fused batch norm node name: "batch_normalization_8/FusedBatchNorm_1"
op: "FusedBatchNorm"
input: "conv2d_8/BiasAdd"
input: "batch_normalization_8/gamma"
input: "batch_normalization_8/beta"
input: "batch_normalization_8/moving_mean"
input: "batch_normalization_8/moving_variance"
device: "/job:localhost/replica:0/task:0/device:GPU:0"
attr {
  key: "T"
  value {
    type: DT_FLOAT
  }
}
attr {
  key: "data_format"
  value {
    s: "NHWC"
  }
}
attr {
  key: "epsilon"
  value {
    f: 0.001
  }
}
attr {
  key: "is_training"
  value {
    b: false
  }
}

Optimizing fused batch norm node name: "batch_normalization_10/FusedBatchNorm_1"
op: "FusedBatchNorm"
input: "conv2d_10/BiasAdd"
input: "batch_normalization_10/gamma"
input: "batch_normalization_10/beta"
input: "batch_normalization_10/moving_mean"
input: "batch_normalization_10/moving_variance"
device: "/job:localhost/replica:0/task:0/device:GPU:0"
attr {
  key: "T"
  value {
    type: DT_FLOAT
  }
}
attr {
  key: "data_format"
  value {
    s: "NHWC"
  }
}
attr {
  key: "epsilon"
  value {
    f: 0.001
  }
}
attr {
  key: "is_training"
  value {
    b: false
  }
}

Optimizing fused batch norm node name: "batch_normalization_12/FusedBatchNorm_1"
op: "FusedBatchNorm"
input: "conv2d_12/BiasAdd"
input: "batch_normalization_12/gamma"
input: "batch_normalization_12/beta"
input: "batch_normalization_12/moving_mean"
input: "batch_normalization_12/moving_variance"
device: "/job:localhost/replica:0/task:0/device:GPU:0"
attr {
  key: "T"
  value {
    type: DT_FLOAT
  }
}
attr {
  key: "data_format"
  value {
    s: "NHWC"
  }
}
attr {
  key: "epsilon"
  value {
    f: 0.001
  }
}
attr {
  key: "is_training"
  value {
    b: false
  }
}

Optimizing fused batch norm node name: "batch_normalization_14/FusedBatchNorm_1"
op: "FusedBatchNorm"
input: "conv2d_14/BiasAdd"
input: "batch_normalization_14/gamma"
input: "batch_normalization_14/beta"
input: "batch_normalization_14/moving_mean"
input: "batch_normalization_14/moving_variance"
device: "/job:localhost/replica:0/task:0/device:GPU:0"
attr {
  key: "T"
  value {
    type: DT_FLOAT
  }
}
attr {
  key: "data_format"
  value {
    s: "NHWC"
  }
}
attr {
  key: "epsilon"
  value {
    f: 0.001
  }
}
attr {
  key: "is_training"
  value {
    b: false
  }
}

Optimizing fused batch norm node name: "batch_normalization_17/FusedBatchNorm_1"
op: "FusedBatchNorm"
input: "conv2d_17/BiasAdd"
input: "batch_normalization_17/gamma"
input: "batch_normalization_17/beta"
input: "batch_normalization_17/moving_mean"
input: "batch_normalization_17/moving_variance"
device: "/job:localhost/replica:0/task:0/device:GPU:0"
attr {
  key: "T"
  value {
    type: DT_FLOAT
  }
}
attr {
  key: "data_format"
  value {
    s: "NHWC"
  }
}
attr {
  key: "epsilon"
  value {
    f: 0.001
  }
}
attr {
  key: "is_training"
  value {
    b: false
  }
}

Optimizing fused batch norm node name: "batch_normalization_19/FusedBatchNorm_1"
op: "FusedBatchNorm"
input: "conv2d_19/BiasAdd"
input: "batch_normalization_19/gamma"
input: "batch_normalization_19/beta"
input: "batch_normalization_19/moving_mean"
input: "batch_normalization_19/moving_variance"
device: "/job:localhost/replica:0/task:0/device:GPU:0"
attr {
  key: "T"
  value {
    type: DT_FLOAT
  }
}
attr {
  key: "data_format"
  value {
    s: "NHWC"
  }
}
attr {
  key: "epsilon"
  value {
    f: 0.001
  }
}
attr {
  key: "is_training"
  value {
    b: false
  }
}

  0% |                                                                        |  5% |###                                                                     | 10% |#######                                                                 | 15% |##########                                                              | 20% |##############                                                          | 25% |##################                                                      | 30% |#####################                                                   | 35% |#########################                                               | 40% |############################                                            | 45% |################################                                        | 50% |####################################                                    | 55% |#######################################                                 | 60% |###########################################                             | 65% |##############################################                          | 70% |##################################################                      | 75% |######################################################                  | 80% |#########################################################               | 85% |#############################################################           | 90% |################################################################        | 95% |####################################################################    |100% |########################################################################|
script running on folder  /home/danieleb/ML/TF/KERAS-CUSTOM-CNN/code
CALIB DIR  /home/danieleb/ML/TF/KERAS-CUSTOM-CNN/code/../dataset/fashion-mnist/calib/
INFO: Start Float Graph Check
INFO: Done Float Graph Check
INFO: Start Calibration for 20 iterations:
INFO: Done Calibration
INFO: Start Generate Deploy Model
INFO: End Generate Deploy Model
********************* Quantization Summary *********************
INFO: Output:
  quantize_eval_model: ../quantized_results/fmnist/miniGoogleNet/quantize_eval_model.pb
  deploy_model: ../quantized_results/fmnist/miniGoogleNet/deploy_model.pb
